::1 - - [06/Nov/2024:14:37:42 -0900] "GET / HTTP/1.1" 200 46
::1 - - [06/Nov/2024:14:37:43 -0900] "GET /favicon.ico HTTP/1.1" 404 196
::1 - - [06/Nov/2024:14:38:43 -0900] "-" 408 -
::1 - - [06/Nov/2024:16:46:41 -0900] "GET / HTTP/1.1" 200 80654
::1 - - [07/Nov/2024:11:06:21 -0900] "GET / HTTP/1.1" 200 427
::1 - - [07/Nov/2024:11:07:49 -0900] "GET / HTTP/1.1" 200 742
::1 - - [07/Nov/2024:11:08:49 -0900] "-" 408 -
::1 - - [07/Nov/2024:11:09:44 -0900] "GET / HTTP/1.1" 200 1618
::1 - - [07/Nov/2024:11:10:16 -0900] "GET / HTTP/1.1" 200 1650
::1 - - [07/Nov/2024:11:10:35 -0900] "GET / HTTP/1.1" 200 1618
::1 - - [07/Nov/2024:11:10:53 -0900] "GET / HTTP/1.1" 200 2788
::1 - - [07/Nov/2024:11:11:49 -0900] "GET / HTTP/1.1" 200 4
::1 - - [07/Nov/2024:11:12:49 -0900] "-" 408 -
::1 - - [07/Nov/2024:11:14:13 -0900] "GET / HTTP/1.1" 200 21959
::1 - - [07/Nov/2024:11:15:01 -0900] "GET / HTTP/1.1" 200 38668
::1 - - [07/Nov/2024:11:31:16 -0900] "GET / HTTP/1.1" 200 37592
::1 - - [07/Nov/2024:11:31:32 -0900] "GET / HTTP/1.1" 200 5
::1 - - [07/Nov/2024:11:32:55 -0900] "GET / HTTP/1.1" 200 5
::1 - - [07/Nov/2024:11:33:12 -0900] "GET / HTTP/1.1" 200 10
::1 - - [07/Nov/2024:11:33:51 -0900] "GET / HTTP/1.1" 200 8
::1 - - [07/Nov/2024:11:34:51 -0900] "-" 408 -
::1 - - [07/Nov/2024:11:49:52 -0900] "GET / HTTP/1.1" 200 5026
::1 - - [07/Nov/2024:11:50:18 -0900] "GET / HTTP/1.1" 200 42
::1 - - [07/Nov/2024:11:55:40 -0900] "GET / HTTP/1.1" 200 41342
::1 - - [07/Nov/2024:11:56:40 -0900] "-" 408 -
::1 - - [07/Nov/2024:12:01:34 -0900] "GET / HTTP/1.1" 200 43293
::1 - - [07/Nov/2024:12:11:46 -0900] "GET / HTTP/1.1" 200 6
::1 - - [07/Nov/2024:12:12:46 -0900] "-" 408 -
::1 - - [07/Nov/2024:14:34:04 -0900] "GET / HTTP/1.1" 200 809
::1 - - [07/Nov/2024:14:34:25 -0900] "GET / HTTP/1.1" 200 607
::1 - - [07/Nov/2024:14:34:25 -0900] "GET /style.css HTTP/1.1" 200 1452
::1 - - [07/Nov/2024:14:35:14 -0900] "GET / HTTP/1.1" 304 -
::1 - - [07/Nov/2024:14:35:30 -0900] "POST /checkout_1hour.php HTTP/1.1" 200 1921
::1 - - [07/Nov/2024:14:36:30 -0900] "-" 408 -
::1 - - [07/Nov/2024:14:36:47 -0900] "-" 408 -
::1 - - [07/Nov/2024:14:36:53 -0900] "GET / HTTP/1.1" 304 -
::1 - - [07/Nov/2024:14:37:33 -0900] "GET / HTTP/1.1" 304 -
::1 - - [07/Nov/2024:14:37:34 -0900] "POST /checkout_1hour.php HTTP/1.1" 200 1917
::1 - - [07/Nov/2024:14:37:40 -0900] "POST /checkout_1hour.php HTTP/1.1" 200 1917
::1 - - [07/Nov/2024:14:38:17 -0900] "GET / HTTP/1.1" 304 -
::1 - - [07/Nov/2024:14:38:17 -0900] "GET /style.css HTTP/1.1" 304 -
::1 - - [07/Nov/2024:14:38:22 -0900] "GET / HTTP/1.1" 304 -
::1 - - [07/Nov/2024:14:38:37 -0900] "POST /checkout_1hour.php HTTP/1.1" 303 -
::1 - - [07/Nov/2024:14:39:37 -0900] "-" 408 -
::1 - - [07/Nov/2024:14:40:06 -0900] "GET /success.html HTTP/1.1" 200 326
::1 - - [07/Nov/2024:14:41:06 -0900] "-" 408 -
::1 - - [07/Nov/2024:14:42:56 -0900] "GET / HTTP/1.1" 304 -
::1 - - [07/Nov/2024:14:42:56 -0900] "GET /style.css HTTP/1.1" 304 -
::1 - - [07/Nov/2024:14:43:56 -0900] "-" 408 -
::1 - - [07/Nov/2024:15:20:50 -0900] "GET / HTTP/1.1" 200 616
::1 - - [07/Nov/2024:15:20:50 -0900] "GET /style.css HTTP/1.1" 304 -
::1 - - [07/Nov/2024:15:21:50 -0900] "-" 408 -
::1 - - [07/Nov/2024:15:21:55 -0900] "GET / HTTP/1.1" 304 -
::1 - - [07/Nov/2024:15:21:58 -0900] "POST /checkout_1hour.php HTTP/1.1" 200 -
::1 - - [07/Nov/2024:15:22:18 -0900] "POST /checkout_1hour.php HTTP/1.1" 200 5
::1 - - [07/Nov/2024:15:23:16 -0900] "-" 408 -
::1 - - [07/Nov/2024:15:23:36 -0900] "POST /checkout_1hour.php HTTP/1.1" 200 5
::1 - - [07/Nov/2024:15:24:09 -0900] "POST /checkout_1hour.php HTTP/1.1" 200 -
::1 - - [07/Nov/2024:15:24:14 -0900] "POST /checkout_1hour.php HTTP/1.1" 200 -
::1 - - [07/Nov/2024:15:24:40 -0900] "POST /checkout_1hour.php HTTP/1.1" 200 -
::1 - - [07/Nov/2024:15:24:46 -0900] "GET / HTTP/1.1" 200 677
::1 - - [07/Nov/2024:15:24:51 -0900] "POST /checkout_1hour.php HTTP/1.1" 200 -
::1 - - [07/Nov/2024:15:25:51 -0900] "-" 408 -
::1 - - [07/Nov/2024:15:27:54 -0900] "GET / HTTP/1.1" 200 1079
::1 - - [07/Nov/2024:15:28:01 -0900] "POST /checkout_1hour.php HTTP/1.1" 200 15
::1 - - [07/Nov/2024:15:29:01 -0900] "-" 408 -
::1 - - [07/Nov/2024:15:33:52 -0900] "-" 408 -
::1 - - [07/Nov/2024:15:33:52 -0900] "-" 408 -
::1 - - [07/Nov/2024:15:38:44 -0900] "GET / HTTP/1.1" 200 1037
::1 - - [07/Nov/2024:15:38:44 -0900] "GET /style.css HTTP/1.1" 304 -
::1 - - [07/Nov/2024:15:38:51 -0900] "POST /checkout.php HTTP/1.1" 200 14
::1 - - [07/Nov/2024:15:39:51 -0900] "-" 408 -
::1 - - [07/Nov/2024:15:46:00 -0900] "GET / HTTP/1.1" 200 1059
::1 - - [07/Nov/2024:15:46:01 -0900] "POST /checkout.php HTTP/1.1" 200 -
::1 - - [07/Nov/2024:15:46:23 -0900] "POST /checkout.php HTTP/1.1" 200 30
::1 - - [07/Nov/2024:15:46:41 -0900] "GET / HTTP/1.1" 200 1035
::1 - - [07/Nov/2024:15:46:42 -0900] "POST /checkout.php HTTP/1.1" 200 227
::1 - - [07/Nov/2024:15:47:40 -0900] "-" 408 -
::1 - - [07/Nov/2024:15:49:57 -0900] "POST /checkout.php HTTP/1.1" 302 146
::1 - - [07/Nov/2024:15:50:09 -0900] "POST /checkout.php HTTP/1.1" 302 23
::1 - - [07/Nov/2024:15:50:28 -0900] "POST /checkout.php HTTP/1.1" 302 23
::1 - - [07/Nov/2024:15:51:27 -0900] "-" 408 -
::1 - - [07/Nov/2024:16:10:42 -0900] "POST /checkout.php HTTP/1.1" 200 -
::1 - - [07/Nov/2024:16:11:20 -0900] "POST /checkout.php HTTP/1.1" 200 -
::1 - - [07/Nov/2024:16:11:35 -0900] "POST /checkout.php HTTP/1.1" 200 8
::1 - - [07/Nov/2024:16:11:50 -0900] "POST /checkout.php HTTP/1.1" 303 -
::1 - - [07/Nov/2024:16:12:49 -0900] "-" 408 -
::1 - - [07/Nov/2024:16:16:52 -0900] "GET /success.html HTTP/1.1" 304 -
::1 - - [07/Nov/2024:16:16:52 -0900] "GET /style.css HTTP/1.1" 304 -
::1 - - [07/Nov/2024:16:17:52 -0900] "-" 408 -
::1 - - [08/Nov/2024:10:48:48 -0900] "POST /checkout.php HTTP/1.1" 303 -
::1 - - [08/Nov/2024:10:48:41 -0900] "POST /checkout.php HTTP/1.1" 303 -
::1 - - [08/Nov/2024:10:48:45 -0900] "POST /checkout.php HTTP/1.1" 303 -
::1 - - [08/Nov/2024:10:49:15 -0900] "GET /success.html?p=price_1QIel4K1ucZlE5ZZppC6Iw1g HTTP/1.1" 200 326
::1 - - [08/Nov/2024:10:49:15 -0900] "GET /style.css HTTP/1.1" 304 -
::1 - - [08/Nov/2024:10:50:15 -0900] "-" 408 -
::1 - - [08/Nov/2024:11:14:12 -0900] "GET / HTTP/1.1" 200 406
::1 - - [08/Nov/2024:11:14:21 -0900] "GET / HTTP/1.1" 200 37367
::1 - - [08/Nov/2024:11:14:30 -0900] "GET / HTTP/1.1" 200 37391
::1 - - [08/Nov/2024:11:15:30 -0900] "-" 408 -
::1 - - [08/Nov/2024:11:19:11 -0900] "GET / HTTP/1.1" 200 38964
::1 - - [08/Nov/2024:11:19:30 -0900] "GET / HTTP/1.1" 200 39145
::1 - - [08/Nov/2024:11:20:25 -0900] "-" 408 -
::1 - - [08/Nov/2024:11:22:05 -0900] "GET / HTTP/1.1" 200 124
::1 - - [08/Nov/2024:11:23:05 -0900] "-" 408 -
::1 - - [08/Nov/2024:11:23:30 -0900] "GET / HTTP/1.1" 200 382
::1 - - [08/Nov/2024:11:24:09 -0900] "GET / HTTP/1.1" 200 2422
::1 - - [08/Nov/2024:11:25:09 -0900] "-" 408 -
::1 - - [08/Nov/2024:13:35:15 -0900] "GET / HTTP/1.1" 200 2565
::1 - - [08/Nov/2024:13:35:17 -0900] "GET /favicon.ico HTTP/1.1" 404 196
::1 - - [08/Nov/2024:13:42:54 -0900] "GET / HTTP/1.1" 200 2460
::1 - - [08/Nov/2024:13:43:08 -0900] "GET / HTTP/1.1" 200 2459
::1 - - [08/Nov/2024:13:45:53 -0900] "GET / HTTP/1.1" 200 2422
::1 - - [08/Nov/2024:13:46:53 -0900] "-" 408 -
::1 - - [08/Nov/2024:13:51:55 -0900] "GET / HTTP/1.1" 200 2422
::1 - - [08/Nov/2024:13:52:55 -0900] "-" 408 -
::1 - - [08/Nov/2024:13:55:34 -0900] "GET / HTTP/1.1" 200 2422
::1 - - [08/Nov/2024:13:56:34 -0900] "-" 408 -
::1 - - [08/Nov/2024:13:56:53 -0900] "GET / HTTP/1.1" 200 2422
::1 - - [08/Nov/2024:13:57:53 -0900] "-" 408 -
::1 - - [08/Nov/2024:13:58:28 -0900] "GET / HTTP/1.1" 200 2422
::1 - - [08/Nov/2024:13:59:28 -0900] "-" 408 -
::1 - - [08/Nov/2024:14:00:37 -0900] "GET / HTTP/1.1" 200 2420
::1 - - [08/Nov/2024:14:01:37 -0900] "-" 408 -
::1 - - [08/Nov/2024:14:21:15 -0900] "GET / HTTP/1.1" 200 2422
192.168.141.127 - - [08/Nov/2024:14:21:21 -0900] "GET / HTTP/1.1" 200 2061
192.168.141.127 - - [08/Nov/2024:14:21:21 -0900] "GET /favicon.ico HTTP/1.1" 404 196
192.168.141.24 - - [08/Nov/2024:14:21:43 -0900] "GET / HTTP/1.1" 200 2067
192.168.141.24 - - [08/Nov/2024:14:21:44 -0900] "GET /favicon.ico HTTP/1.1" 404 196
::1 - - [08/Nov/2024:14:22:15 -0900] "-" 408 -
192.168.141.127 - - [08/Nov/2024:14:22:21 -0900] "-" 408 -
192.168.141.24 - - [08/Nov/2024:14:22:43 -0900] "-" 408 -
192.168.141.127 - - [08/Nov/2024:14:25:00 -0900] "GET / HTTP/1.1" 200 2024
192.168.141.127 - - [08/Nov/2024:14:26:00 -0900] "-" 408 -
::1 - - [08/Nov/2024:14:44:03 -0900] "GET / HTTP/1.1" 200 2460
::1 - - [08/Nov/2024:15:34:32 -0900] "GET / HTTP/1.1" 200 1118
::1 - - [08/Nov/2024:15:34:32 -0900] "GET /style.css HTTP/1.1" 304 -
::1 - - [08/Nov/2024:15:34:37 -0900] "POST /checkout.php HTTP/1.1" 303 -
::1 - - [08/Nov/2024:15:35:25 -0900] "GET /success.html?p=price_1QIel4K1ucZlE5ZZppC6Iw1g HTTP/1.1" 200 326
::1 - - [08/Nov/2024:15:36:25 -0900] "-" 408 -
::1 - - [08/Nov/2024:15:36:50 -0900] "POST /checkout.php HTTP/1.1" 303 -
::1 - - [08/Nov/2024:15:37:48 -0900] "POST /checkout.php HTTP/1.1" 303 -
::1 - - [08/Nov/2024:15:38:08 -0900] "-" 408 -
::1 - - [08/Nov/2024:15:38:25 -0900] "POST /checkout.php HTTP/1.1" 303 -
::1 - - [08/Nov/2024:15:39:20 -0900] "POST /checkout.php HTTP/1.1" 303 -
::1 - - [08/Nov/2024:15:39:31 -0900] "-" 408 -
::1 - - [08/Nov/2024:15:39:57 -0900] "POST /checkout.php HTTP/1.1" 303 -
::1 - - [08/Nov/2024:15:40:56 -0900] "-" 408 -
::1 - - [08/Nov/2024:15:41:04 -0900] "-" 408 -
::1 - - [08/Nov/2024:15:41:20 -0900] "GET / HTTP/1.1" 200 1118
::1 - - [08/Nov/2024:15:41:20 -0900] "GET /style.css HTTP/1.1" 200 1452
::1 - - [08/Nov/2024:15:41:25 -0900] "POST /checkout.php HTTP/1.1" 303 -
::1 - - [08/Nov/2024:15:42:20 -0900] "-" 408 -
::1 - - [08/Nov/2024:15:42:25 -0900] "GET /success.html?p=price_1QIel4K1ucZlE5ZZppC6Iw1g HTTP/1.1" 200 326
::1 - - [08/Nov/2024:15:42:25 -0900] "GET /favicon.ico HTTP/1.1" 404 196
::1 - - [08/Nov/2024:15:42:33 -0900] "POST /checkout.php HTTP/1.1" 303 -
::1 - - [08/Nov/2024:15:43:32 -0900] "-" 408 -
::1 - - [08/Nov/2024:15:43:48 -0900] "GET /success_1hour.html?p=price_1QIel4K1ucZlE5ZZppC6Iw1g HTTP/1.1" 200 948
::1 - - [08/Nov/2024:15:43:49 -0900] "GET /success_1hour.php HTTP/1.1" 200 135
::1 - - [08/Nov/2024:15:43:49 -0900] "GET /success_1hour.html?p=price_1QIel4K1ucZlE5ZZppC6Iw1g HTTP/1.1" 304 -
::1 - - [08/Nov/2024:15:43:49 -0900] "GET /success_1hour.php HTTP/1.1" 200 135
::1 - - [08/Nov/2024:15:43:50 -0900] "GET /success_1hour.html?p=price_1QIel4K1ucZlE5ZZppC6Iw1g HTTP/1.1" 304 -
::1 - - [08/Nov/2024:15:43:50 -0900] "GET /success_1hour.php HTTP/1.1" 200 135
::1 - - [08/Nov/2024:15:43:50 -0900] "GET /success_1hour.html?p=price_1QIel4K1ucZlE5ZZppC6Iw1g HTTP/1.1" 304 -
::1 - - [08/Nov/2024:15:43:50 -0900] "GET /success_1hour.php HTTP/1.1" 200 135
::1 - - [08/Nov/2024:15:43:51 -0900] "GET /success_1hour.html?p=price_1QIel4K1ucZlE5ZZppC6Iw1g HTTP/1.1" 304 -
::1 - - [08/Nov/2024:15:43:51 -0900] "GET /success_1hour.php HTTP/1.1" 200 135
::1 - - [08/Nov/2024:15:43:52 -0900] "GET /success_1hour.html?p=price_1QIel4K1ucZlE5ZZppC6Iw1g HTTP/1.1" 304 -
::1 - - [08/Nov/2024:15:43:52 -0900] "GET /success_1hour.php HTTP/1.1" 200 316
::1 - - [08/Nov/2024:15:43:52 -0900] "GET /success_1hour.html?p=price_1QIel4K1ucZlE5ZZppC6Iw1g HTTP/1.1" 304 -
::1 - - [08/Nov/2024:15:43:52 -0900] "GET /success_1hour.php HTTP/1.1" 200 316
::1 - - [08/Nov/2024:15:43:52 -0900] "GET /success_1hour.html?p=price_1QIel4K1ucZlE5ZZppC6Iw1g HTTP/1.1" 304 -
::1 - - [08/Nov/2024:15:43:52 -0900] "GET /success_1hour.php HTTP/1.1" 200 316
::1 - - [08/Nov/2024:15:43:54 -0900] "GET /success_1hour.html?p=price_1QIel4K1ucZlE5ZZppC6Iw1g HTTP/1.1" 304 -
::1 - - [08/Nov/2024:15:43:54 -0900] "GET /success_1hour.php HTTP/1.1" 200 316
::1 - - [08/Nov/2024:15:43:54 -0900] "GET /success_1hour.html?p=price_1QIel4K1ucZlE5ZZppC6Iw1g HTTP/1.1" 304 -
::1 - - [08/Nov/2024:15:43:54 -0900] "GET /success_1hour.php HTTP/1.1" 200 316
::1 - - [08/Nov/2024:15:43:55 -0900] "GET /success_1hour.html?p=price_1QIel4K1ucZlE5ZZppC6Iw1g HTTP/1.1" 304 -
::1 - - [08/Nov/2024:15:43:55 -0900] "GET /success_1hour.php HTTP/1.1" 200 316
::1 - - [08/Nov/2024:15:43:55 -0900] "GET /success_1hour.html?p=price_1QIel4K1ucZlE5ZZppC6Iw1g HTTP/1.1" 304 -
::1 - - [08/Nov/2024:15:43:55 -0900] "GET /success_1hour.php HTTP/1.1" 200 316
::1 - - [08/Nov/2024:15:43:55 -0900] "GET /success_1hour.html?p=price_1QIel4K1ucZlE5ZZppC6Iw1g HTTP/1.1" 304 -
::1 - - [08/Nov/2024:15:43:55 -0900] "GET /success_1hour.php HTTP/1.1" 200 316
::1 - - [08/Nov/2024:15:43:56 -0900] "GET /success_1hour.html?p=price_1QIel4K1ucZlE5ZZppC6Iw1g HTTP/1.1" 304 -
::1 - - [08/Nov/2024:15:43:56 -0900] "GET /success_1hour.php HTTP/1.1" 200 316
::1 - - [08/Nov/2024:15:43:56 -0900] "GET /success_1hour.html?p=price_1QIel4K1ucZlE5ZZppC6Iw1g HTTP/1.1" 304 -
::1 - - [08/Nov/2024:15:43:56 -0900] "GET /success_1hour.php HTTP/1.1" 200 316
::1 - - [08/Nov/2024:15:43:56 -0900] "GET /success_1hour.html?p=price_1QIel4K1ucZlE5ZZppC6Iw1g HTTP/1.1" 304 -
::1 - - [08/Nov/2024:15:43:56 -0900] "GET /success_1hour.php HTTP/1.1" 200 316
::1 - - [08/Nov/2024:15:43:57 -0900] "GET /success_1hour.html?p=price_1QIel4K1ucZlE5ZZppC6Iw1g HTTP/1.1" 304 -
::1 - - [08/Nov/2024:15:43:57 -0900] "GET /success_1hour.php HTTP/1.1" 200 316
::1 - - [08/Nov/2024:15:43:57 -0900] "GET /success_1hour.html?p=price_1QIel4K1ucZlE5ZZppC6Iw1g HTTP/1.1" 304 -
::1 - - [08/Nov/2024:15:43:57 -0900] "GET /success_1hour.php HTTP/1.1" 200 316
::1 - - [08/Nov/2024:15:43:57 -0900] "GET /success_1hour.html?p=price_1QIel4K1ucZlE5ZZppC6Iw1g HTTP/1.1" 304 -
::1 - - [08/Nov/2024:15:43:57 -0900] "GET /success_1hour.php HTTP/1.1" 200 316
::1 - - [08/Nov/2024:15:43:58 -0900] "GET /success_1hour.html?p=price_1QIel4K1ucZlE5ZZppC6Iw1g HTTP/1.1" 304 -
::1 - - [08/Nov/2024:15:43:58 -0900] "GET /success_1hour.php HTTP/1.1" 200 316
::1 - - [08/Nov/2024:15:43:58 -0900] "GET /success_1hour.html?p=price_1QIel4K1ucZlE5ZZppC6Iw1g HTTP/1.1" 304 -
::1 - - [08/Nov/2024:15:43:58 -0900] "GET /success_1hour.php HTTP/1.1" 200 316
::1 - - [08/Nov/2024:15:43:58 -0900] "GET /success_1hour.html?p=price_1QIel4K1ucZlE5ZZppC6Iw1g HTTP/1.1" 304 -
::1 - - [08/Nov/2024:15:43:58 -0900] "GET /success_1hour.php HTTP/1.1" 200 316
::1 - - [08/Nov/2024:15:43:59 -0900] "GET /success_1hour.html?p=price_1QIel4K1ucZlE5ZZppC6Iw1g HTTP/1.1" 304 -
::1 - - [08/Nov/2024:15:43:59 -0900] "GET /success_1hour.php HTTP/1.1" 200 316
::1 - - [08/Nov/2024:15:43:59 -0900] "GET /success_1hour.html?p=price_1QIel4K1ucZlE5ZZppC6Iw1g HTTP/1.1" 304 -
::1 - - [08/Nov/2024:15:43:59 -0900] "GET /success_1hour.php HTTP/1.1" 200 316
::1 - - [08/Nov/2024:15:43:59 -0900] "GET /success_1hour.html?p=price_1QIel4K1ucZlE5ZZppC6Iw1g HTTP/1.1" 304 -
::1 - - [08/Nov/2024:15:43:59 -0900] "GET /success_1hour.php HTTP/1.1" 200 316
::1 - - [08/Nov/2024:15:44:00 -0900] "GET /success_1hour.html?p=price_1QIel4K1ucZlE5ZZppC6Iw1g HTTP/1.1" 304 -
::1 - - [08/Nov/2024:15:44:00 -0900] "GET /success_1hour.php HTTP/1.1" 200 316
::1 - - [08/Nov/2024:15:44:00 -0900] "GET /success_1hour.html?p=price_1QIel4K1ucZlE5ZZppC6Iw1g HTTP/1.1" 304 -
::1 - - [08/Nov/2024:15:44:00 -0900] "GET /success_1hour.php HTTP/1.1" 200 316
::1 - - [08/Nov/2024:15:44:00 -0900] "GET /success_1hour.html?p=price_1QIel4K1ucZlE5ZZppC6Iw1g HTTP/1.1" 304 -
::1 - - [08/Nov/2024:15:44:00 -0900] "GET /success_1hour.php HTTP/1.1" 200 316
::1 - - [08/Nov/2024:15:44:01 -0900] "GET /success_1hour.html?p=price_1QIel4K1ucZlE5ZZppC6Iw1g HTTP/1.1" 304 -
::1 - - [08/Nov/2024:15:44:01 -0900] "GET /success_1hour.php HTTP/1.1" 200 316
::1 - - [08/Nov/2024:15:44:01 -0900] "GET /success_1hour.html?p=price_1QIel4K1ucZlE5ZZppC6Iw1g HTTP/1.1" 304 -
::1 - - [08/Nov/2024:15:44:01 -0900] "GET /success_1hour.php HTTP/1.1" 200 316
::1 - - [08/Nov/2024:15:44:01 -0900] "GET /success_1hour.html?p=price_1QIel4K1ucZlE5ZZppC6Iw1g HTTP/1.1" 304 -
::1 - - [08/Nov/2024:15:44:01 -0900] "GET /success_1hour.php HTTP/1.1" 200 316
::1 - - [08/Nov/2024:15:44:02 -0900] "GET /success_1hour.html?p=price_1QIel4K1ucZlE5ZZppC6Iw1g HTTP/1.1" 304 -
::1 - - [08/Nov/2024:15:44:02 -0900] "GET /success_1hour.php HTTP/1.1" 200 316
::1 - - [08/Nov/2024:15:44:02 -0900] "GET /success_1hour.html?p=price_1QIel4K1ucZlE5ZZppC6Iw1g HTTP/1.1" 304 -
::1 - - [08/Nov/2024:15:44:02 -0900] "GET /success_1hour.php HTTP/1.1" 200 316
::1 - - [08/Nov/2024:15:44:02 -0900] "GET /success_1hour.html?p=price_1QIel4K1ucZlE5ZZppC6Iw1g HTTP/1.1" 304 -
::1 - - [08/Nov/2024:15:44:02 -0900] "GET /success_1hour.php HTTP/1.1" 200 316
::1 - - [08/Nov/2024:15:44:03 -0900] "GET /success_1hour.html?p=price_1QIel4K1ucZlE5ZZppC6Iw1g HTTP/1.1" 304 -
::1 - - [08/Nov/2024:15:44:03 -0900] "GET /success_1hour.php HTTP/1.1" 200 316
::1 - - [08/Nov/2024:15:44:03 -0900] "GET /success_1hour.html?p=price_1QIel4K1ucZlE5ZZppC6Iw1g HTTP/1.1" 304 -
::1 - - [08/Nov/2024:15:44:03 -0900] "GET /success_1hour.php HTTP/1.1" 200 316
::1 - - [08/Nov/2024:15:44:03 -0900] "GET /success_1hour.html?p=price_1QIel4K1ucZlE5ZZppC6Iw1g HTTP/1.1" 304 -
::1 - - [08/Nov/2024:15:44:03 -0900] "GET /success_1hour.php HTTP/1.1" 200 316
::1 - - [08/Nov/2024:15:44:04 -0900] "GET /success_1hour.html?p=price_1QIel4K1ucZlE5ZZppC6Iw1g HTTP/1.1" 304 -
::1 - - [08/Nov/2024:15:44:04 -0900] "GET /success_1hour.php HTTP/1.1" 200 316
::1 - - [08/Nov/2024:15:44:04 -0900] "GET /success_1hour.html?p=price_1QIel4K1ucZlE5ZZppC6Iw1g HTTP/1.1" 304 -
::1 - - [08/Nov/2024:15:44:04 -0900] "GET /success_1hour.php HTTP/1.1" 200 316
::1 - - [08/Nov/2024:15:44:04 -0900] "GET /success_1hour.html?p=price_1QIel4K1ucZlE5ZZppC6Iw1g HTTP/1.1" 304 -
::1 - - [08/Nov/2024:15:44:04 -0900] "GET /success_1hour.php HTTP/1.1" 200 316
::1 - - [08/Nov/2024:15:44:05 -0900] "GET /success_1hour.html?p=price_1QIel4K1ucZlE5ZZppC6Iw1g HTTP/1.1" 304 -
::1 - - [08/Nov/2024:15:44:05 -0900] "GET /success_1hour.php HTTP/1.1" 200 316
::1 - - [08/Nov/2024:15:44:05 -0900] "GET /success_1hour.html?p=price_1QIel4K1ucZlE5ZZppC6Iw1g HTTP/1.1" 304 -
::1 - - [08/Nov/2024:15:44:05 -0900] "GET /success_1hour.php HTTP/1.1" 200 316
::1 - - [08/Nov/2024:15:44:06 -0900] "GET /success_1hour.html?p=price_1QIel4K1ucZlE5ZZppC6Iw1g HTTP/1.1" 304 -
::1 - - [08/Nov/2024:15:44:06 -0900] "GET /success_1hour.php HTTP/1.1" 200 316
::1 - - [08/Nov/2024:15:44:06 -0900] "GET /success_1hour.html?p=price_1QIel4K1ucZlE5ZZppC6Iw1g HTTP/1.1" 304 -
::1 - - [08/Nov/2024:15:44:06 -0900] "GET /success_1hour.php HTTP/1.1" 200 316
::1 - - [08/Nov/2024:15:44:06 -0900] "GET /success_1hour.html?p=price_1QIel4K1ucZlE5ZZppC6Iw1g HTTP/1.1" 304 -
::1 - - [08/Nov/2024:15:44:06 -0900] "GET /success_1hour.php HTTP/1.1" 200 316
::1 - - [08/Nov/2024:15:44:07 -0900] "GET /success_1hour.html?p=price_1QIel4K1ucZlE5ZZppC6Iw1g HTTP/1.1" 304 -
::1 - - [08/Nov/2024:15:44:07 -0900] "GET /success_1hour.php HTTP/1.1" 200 316
::1 - - [08/Nov/2024:15:44:07 -0900] "GET /success_1hour.html?p=price_1QIel4K1ucZlE5ZZppC6Iw1g HTTP/1.1" 304 -
::1 - - [08/Nov/2024:15:44:07 -0900] "GET /success_1hour.php HTTP/1.1" 200 316
::1 - - [08/Nov/2024:15:44:07 -0900] "GET /success_1hour.html?p=price_1QIel4K1ucZlE5ZZppC6Iw1g HTTP/1.1" 304 -
::1 - - [08/Nov/2024:15:44:07 -0900] "GET /success_1hour.php HTTP/1.1" 200 316
::1 - - [08/Nov/2024:15:44:08 -0900] "GET /success_1hour.html?p=price_1QIel4K1ucZlE5ZZppC6Iw1g HTTP/1.1" 304 -
::1 - - [08/Nov/2024:15:44:08 -0900] "GET /success_1hour.php HTTP/1.1" 200 316
::1 - - [08/Nov/2024:15:44:08 -0900] "GET /success_1hour.html?p=price_1QIel4K1ucZlE5ZZppC6Iw1g HTTP/1.1" 304 -
::1 - - [08/Nov/2024:15:44:08 -0900] "GET /success_1hour.php HTTP/1.1" 200 316
::1 - - [08/Nov/2024:15:44:09 -0900] "GET /success_1hour.html?p=price_1QIel4K1ucZlE5ZZppC6Iw1g HTTP/1.1" 304 -
::1 - - [08/Nov/2024:15:44:09 -0900] "GET /success_1hour.php HTTP/1.1" 200 316
::1 - - [08/Nov/2024:15:44:09 -0900] "GET /success_1hour.html?p=price_1QIel4K1ucZlE5ZZppC6Iw1g HTTP/1.1" 304 -
192.168.141.24 - - [08/Nov/2024:15:45:13 -0900] "GET / HTTP/1.1" 200 1118
192.168.141.24 - - [08/Nov/2024:15:45:14 -0900] "GET /style.css HTTP/1.1" 200 1452
192.168.141.24 - - [08/Nov/2024:15:46:13 -0900] "-" 408 -
::1 - - [08/Nov/2024:15:49:21 -0900] "GET / HTTP/1.1" 304 -
::1 - - [08/Nov/2024:15:49:23 -0900] "POST /checkout.php HTTP/1.1" 303 -
::1 - - [08/Nov/2024:15:49:34 -0900] "GET /success_1hour.html?p=price_1QIel4K1ucZlE5ZZppC6Iw1g HTTP/1.1" 200 1049
::1 - - [08/Nov/2024:15:49:34 -0900] "GET /success_1hour.php HTTP/1.1" 200 135
::1 - - [08/Nov/2024:15:50:12 -0900] "POST /checkout.php HTTP/1.1" 303 -
::1 - - [08/Nov/2024:15:50:18 -0900] "GET /success_1hour.html?p=price_1QIel4K1ucZlE5ZZppC6Iw1g HTTP/1.1" 200 1045
::1 - - [08/Nov/2024:15:50:18 -0900] "GET /success_1hour.php HTTP/1.1" 200 135
::1 - - [08/Nov/2024:15:50:48 -0900] "POST /checkout.php HTTP/1.1" 303 -
::1 - - [08/Nov/2024:15:50:54 -0900] "GET /success_1hour.html?p=price_1QIel4K1ucZlE5ZZppC6Iw1g HTTP/1.1" 200 1089
::1 - - [08/Nov/2024:15:51:54 -0900] "-" 408 -
::1 - - [08/Nov/2024:15:52:40 -0900] "POST /checkout.php HTTP/1.1" 303 -
::1 - - [08/Nov/2024:15:52:47 -0900] "GET /success_1hour.html?p=price_1QIel4K1ucZlE5ZZppC6Iw1g HTTP/1.1" 200 1086
::1 - - [08/Nov/2024:15:53:05 -0900] "POST /checkout.php HTTP/1.1" 303 -
::1 - - [08/Nov/2024:15:53:36 -0900] "GET /success_1hour.html?p=price_1QIel4K1ucZlE5ZZppC6Iw1g HTTP/1.1" 304 -
::1 - - [08/Nov/2024:15:54:36 -0900] "-" 408 -
::1 - - [08/Nov/2024:16:00:56 -0900] "POST /checkout.php HTTP/1.1" 303 -
::1 - - [08/Nov/2024:16:01:04 -0900] "GET /success_1hour.html?p=price_1QIel4K1ucZlE5ZZppC6Iw1g HTTP/1.1" 200 1187
::1 - - [08/Nov/2024:16:01:04 -0900] "GET /success_1hour.php HTTP/1.1" 200 135
::1 - - [08/Nov/2024:16:01:27 -0900] "POST /checkout.php HTTP/1.1" 303 -
::1 - - [08/Nov/2024:16:01:33 -0900] "GET /success_1hour.html?p=price_1QIel4K1ucZlE5ZZppC6Iw1g HTTP/1.1" 200 1189
::1 - - [08/Nov/2024:16:01:33 -0900] "GET /success_1hour.php HTTP/1.1" 200 135
::1 - - [08/Nov/2024:16:01:58 -0900] "GET /success_1hour.html?p=price_1QIel4K1ucZlE5ZZppC6Iw1g HTTP/1.1" 200 1202
::1 - - [08/Nov/2024:16:02:03 -0900] "POST /checkout.php HTTP/1.1" 303 -
::1 - - [08/Nov/2024:16:02:11 -0900] "GET /success_1hour.html?p=price_1QIel4K1ucZlE5ZZppC6Iw1g HTTP/1.1" 304 -
::1 - - [08/Nov/2024:16:03:11 -0900] "-" 408 -
::1 - - [08/Nov/2024:16:04:18 -0900] "POST /checkout.php HTTP/1.1" 303 -
::1 - - [08/Nov/2024:16:04:25 -0900] "GET /success_1hour.html?p=price_1QIelwK1ucZlE5ZZ70xnym4D HTTP/1.1" 200 1248
::1 - - [08/Nov/2024:16:04:25 -0900] "GET /success_1hour.php HTTP/1.1" 200 135
::1 - - [08/Nov/2024:16:04:53 -0900] "POST /checkout.php HTTP/1.1" 303 -
::1 - - [08/Nov/2024:16:04:59 -0900] "GET /success_1hour.html?p=price_1QIelwK1ucZlE5ZZ70xnym4D HTTP/1.1" 200 1275
::1 - - [08/Nov/2024:16:04:59 -0900] "GET /success_1hour.php HTTP/1.1" 200 135
::1 - - [08/Nov/2024:16:05:11 -0900] "POST /checkout.php HTTP/1.1" 303 -
::1 - - [08/Nov/2024:16:05:19 -0900] "GET /success_1hour.html?p=price_1QIelwK1ucZlE5ZZ70xnym4D HTTP/1.1" 200 1276
::1 - - [08/Nov/2024:16:05:19 -0900] "GET /success_1hour.php HTTP/1.1" 200 135
::1 - - [08/Nov/2024:16:05:50 -0900] "POST /checkout.php HTTP/1.1" 303 -
::1 - - [08/Nov/2024:16:05:56 -0900] "GET /success_1hour.html?p=price_1QIelwK1ucZlE5ZZ70xnym4D HTTP/1.1" 200 1270
::1 - - [08/Nov/2024:16:05:56 -0900] "GET /success_1hour.php HTTP/1.1" 200 135
::1 - - [08/Nov/2024:16:06:56 -0900] "-" 408 -
::1 - - [08/Nov/2024:16:12:17 -0900] "GET / HTTP/1.1" 200 406
::1 - - [08/Nov/2024:16:12:34 -0900] "GET / HTTP/1.1" 200 299
::1 - - [08/Nov/2024:16:12:52 -0900] "GET / HTTP/1.1" 200 121
::1 - - [08/Nov/2024:16:13:52 -0900] "-" 408 -
::1 - - [08/Nov/2024:16:14:10 -0900] "GET / HTTP/1.1" 200 47509
::1 - - [08/Nov/2024:16:14:27 -0900] "GET / HTTP/1.1" 200 404
::1 - - [08/Nov/2024:16:14:42 -0900] "GET / HTTP/1.1" 200 404
::1 - - [08/Nov/2024:16:14:56 -0900] "GET / HTTP/1.1" 200 404
::1 - - [08/Nov/2024:16:15:06 -0900] "GET / HTTP/1.1" 200 47518
::1 - - [08/Nov/2024:16:15:57 -0900] "GET / HTTP/1.1" 200 1501
::1 - - [08/Nov/2024:16:16:23 -0900] "GET / HTTP/1.1" 200 404
::1 - - [08/Nov/2024:16:17:40 -0900] "GET / HTTP/1.1" 200 136
::1 - - [08/Nov/2024:16:18:20 -0900] "GET / HTTP/1.1" 200 482
::1 - - [08/Nov/2024:16:18:56 -0900] "GET / HTTP/1.1" 200 551
::1 - - [08/Nov/2024:16:19:38 -0900] "GET / HTTP/1.1" 200 592
::1 - - [08/Nov/2024:16:20:38 -0900] "GET / HTTP/1.1" 200 476
::1 - - [08/Nov/2024:16:20:49 -0900] "GET / HTTP/1.1" 200 497
::1 - - [08/Nov/2024:16:22:31 -0900] "GET / HTTP/1.1" 200 512
::1 - - [08/Nov/2024:16:23:28 -0900] "GET / HTTP/1.1" 200 514
::1 - - [08/Nov/2024:16:23:35 -0900] "GET / HTTP/1.1" 200 497
::1 - - [08/Nov/2024:16:24:54 -0900] "GET / HTTP/1.1" 200 514
::1 - - [08/Nov/2024:16:30:23 -0900] "GET / HTTP/1.1" 200 299
::1 - - [08/Nov/2024:16:30:44 -0900] "GET / HTTP/1.1" 200 1870
::1 - - [08/Nov/2024:16:32:51 -0900] "GET / HTTP/1.1" 200 472
::1 - - [08/Nov/2024:16:32:56 -0900] "GET / HTTP/1.1" 200 2
192.168.141.24 - - [08/Nov/2024:16:34:35 -0900] "GET / HTTP/1.1" 200 19
::1 - - [08/Nov/2024:16:37:47 -0900] "GET / HTTP/1.1" 200 1381
::1 - - [08/Nov/2024:16:39:56 -0900] "GET / HTTP/1.1" 200 3640
::1 - - [08/Nov/2024:16:40:10 -0900] "GET / HTTP/1.1" 200 3558
::1 - - [08/Nov/2024:16:40:47 -0900] "GET / HTTP/1.1" 200 3644
::1 - - [08/Nov/2024:16:41:30 -0900] "GET / HTTP/1.1" 200 4100
::1 - - [08/Nov/2024:16:41:45 -0900] "GET / HTTP/1.1" 200 4000
::1 - - [08/Nov/2024:16:42:27 -0900] "GET / HTTP/1.1" 200 4106
192.168.141.127 - - [11/Nov/2024:13:48:26 -0900] "GET / HTTP/1.1" 200 1389
192.168.141.127 - - [11/Nov/2024:13:49:26 -0900] "-" 408 -
192.168.141.127 - - [11/Nov/2024:13:49:26 -0900] "-" 408 -
::1 - - [11/Nov/2024:13:49:31 -0900] "-" 408 -
::1 - - [11/Nov/2024:13:49:31 -0900] "-" 408 -
::1 - - [11/Nov/2024:13:51:59 -0900] "GET / HTTP/1.1" 200 1859
::1 - - [11/Nov/2024:13:52:43 -0900] "GET / HTTP/1.1" 200 1373
::1 - - [11/Nov/2024:13:52:58 -0900] "GET / HTTP/1.1" 200 1377
::1 - - [11/Nov/2024:13:53:58 -0900] "-" 408 -
::1 - - [11/Nov/2024:13:57:14 -0900] "GET / HTTP/1.1" 200 6
::1 - - [11/Nov/2024:13:58:14 -0900] "GET / HTTP/1.1" 200 1013
::1 - - [11/Nov/2024:13:59:14 -0900] "-" 408 -
192.168.141.24 - - [11/Nov/2024:13:59:45 -0900] "GET / HTTP/1.1" 200 1101
192.168.141.24 - - [11/Nov/2024:14:01:29 -0900] "GET / HTTP/1.1" 200 1101
192.168.141.24 - - [11/Nov/2024:14:01:30 -0900] "GET /favicon.ico HTTP/1.1" 404 196
192.168.141.24 - - [11/Nov/2024:14:01:56 -0900] "GET / HTTP/1.1" 200 40
192.168.141.24 - - [11/Nov/2024:14:02:56 -0900] "-" 408 -
::1 - - [11/Nov/2024:14:18:02 -0900] "GET / HTTP/1.1" 200 6
::1 - - [11/Nov/2024:14:18:31 -0900] "GET / HTTP/1.1" 200 1118
::1 - - [11/Nov/2024:14:18:31 -0900] "GET /style.css HTTP/1.1" 304 -
192.168.141.24 - - [11/Nov/2024:14:19:02 -0900] "GET / HTTP/1.1" 200 1118
192.168.141.24 - - [11/Nov/2024:14:19:02 -0900] "GET /style.css HTTP/1.1" 304 -
192.168.141.24 - - [11/Nov/2024:14:19:07 -0900] "POST /checkout.php HTTP/1.1" 303 -
::1 - - [11/Nov/2024:14:19:31 -0900] "-" 408 -
192.168.141.24 - - [11/Nov/2024:14:20:02 -0900] "-" 408 -
::1 - - [11/Nov/2024:14:20:56 -0900] "POST /checkout.php HTTP/1.1" 303 -
::1 - - [11/Nov/2024:14:21:14 -0900] "GET /success_1hour.php HTTP/1.1" 200 509
192.168.141.24 - - [11/Nov/2024:14:21:41 -0900] "POST /checkout.php HTTP/1.1" 303 -
::1 - - [11/Nov/2024:14:22:14 -0900] "-" 408 -
192.168.141.24 - - [11/Nov/2024:14:22:41 -0900] "-" 408 -
192.168.141.24 - - [11/Nov/2024:14:22:43 -0900] "POST /checkout.php HTTP/1.1" 303 -
192.168.141.24 - - [11/Nov/2024:14:23:13 -0900] "POST /checkout.php HTTP/1.1" 200 1988
192.168.141.24 - - [11/Nov/2024:14:23:41 -0900] "POST /checkout.php HTTP/1.1" 200 2003
192.168.141.24 - - [11/Nov/2024:14:24:05 -0900] "POST /checkout.php HTTP/1.1" 303 22
192.168.141.24 - - [11/Nov/2024:14:24:14 -0900] "GET /success_1hour.php HTTP/1.1" 200 51
192.168.141.24 - - [11/Nov/2024:14:25:14 -0900] "-" 408 -
95.214.53.91 - - [11/Nov/2024:14:41:26 -0900] "GET / HTTP/1.1" 200 1118
216.218.206.67 - - [11/Nov/2024:16:05:56 -0900] "GET / HTTP/1.1" 200 1118
216.218.206.67 - - [11/Nov/2024:16:06:08 -0900] "GET /favicon.ico HTTP/1.1" 404 196
