[Wed Nov 06 14:36:21.430161 2024] [mpm_winnt:notice] [pid 24832:tid 400] AH00455: Apache/2.4.62 (Win64) configured -- resuming normal operations
[Wed Nov 06 14:36:21.430161 2024] [mpm_winnt:notice] [pid 24832:tid 400] AH00456: Apache Lounge VS17 Server built: Sep  4 2024 10:31:52
[Wed Nov 06 14:36:21.430161 2024] [core:notice] [pid 24832:tid 400] AH00094: Command line: 'C:\\Apache24\\bin\\httpd.exe -d C:/Apache24'
[Wed Nov 06 14:36:21.435236 2024] [mpm_winnt:notice] [pid 24832:tid 400] AH00418: Parent: Created child process 32104
Apache server shutdown initiated...
pm_winnt:notice] [pid 32104:tid 396] AH00354: Child: Starting 64 worker threads.
[Wed Nov 06 16:37:05.048658 2024] [mpm_winnt:notice] [pid 24832:tid 400] AH00422: Parent: Received shutdown signal -- Shutting down the server.
[Wed Nov 06 16:37:07.074615 2024] [mpm_winnt:notice] [pid 32104:tid 396] AH00364: Child: All worker threads have exited.
[Wed Nov 06 16:37:07.110225 2024] [mpm_winnt:notice] [pid 24832:tid 400] AH00430: Parent: Child process 32104 exited successfully.
[Wed Nov 06 16:46:26.664646 2024] [mpm_winnt:notice] [pid 20548:tid 372] AH00455: Apache/2.4.62 (Win64) PHP/8.3.13 configured -- resuming normal operations
[Wed Nov 06 16:46:26.664646 2024] [mpm_winnt:notice] [pid 20548:tid 372] AH00456: Apache Lounge VS17 Server built: Sep  4 2024 10:31:52
[Wed Nov 06 16:46:26.664646 2024] [core:notice] [pid 20548:tid 372] AH00094: Command line: 'C:\\Apache24\\bin\\httpd.exe -d C:/Apache24'
[Wed Nov 06 16:46:26.680233 2024] [mpm_winnt:notice] [pid 20548:tid 372] AH00418: Parent: Created child process 39948
Apache server interrupted...
024] [mpm_winnt:notice] [pid 39948:tid 368] AH00354: Child: Starting 64 worker threads.
[Thu Nov 07 11:05:48.720979 2024] [mpm_winnt:notice] [pid 20548:tid 372] AH00422: Parent: Received shutdown signal -- Shutting down the server.
Apache server interrupted...
024] [mpm_winnt:notice] [pid 39948:tid 368] AH00364: Child: All worker threads have exited.
[Thu Nov 07 11:05:50.780133 2024] [mpm_winnt:notice] [pid 20548:tid 372] AH00430: Parent: Child process 39948 exited successfully.
[Thu Nov 07 11:05:58.193851 2024] [mpm_winnt:notice] [pid 4020:tid 376] AH00455: Apache/2.4.62 (Win64) PHP/8.3.13 configured -- resuming normal operations
[Thu Nov 07 11:05:58.193851 2024] [mpm_winnt:notice] [pid 4020:tid 376] AH00456: Apache Lounge VS17 Server built: Sep  4 2024 10:31:52
[Thu Nov 07 11:05:58.193851 2024] [core:notice] [pid 4020:tid 376] AH00094: Command line: 'C:\\Apache24\\bin\\httpd.exe -d C:/Apache24'
[Thu Nov 07 11:05:58.193851 2024] [mpm_winnt:notice] [pid 4020:tid 376] AH00418: Parent: Created child process 37680
Apache server shutdown initiated...
pm_winnt:notice] [pid 37680:tid 372] AH00354: Child: Starting 64 worker threads.
[Thu Nov 07 11:06:21.076804 2024] [php:warn] [pid 37680:tid 1352] [client ::1:58770] PHP Warning:  require_once(path/to/src/Client.php): Failed to open stream: No such file or directory in C:\\Apache24\\htdocs\\index.php on line 5
[Thu Nov 07 11:06:21.076804 2024] [php:error] [pid 37680:tid 1352] [client ::1:58770] PHP Fatal error:  Uncaught Error: Failed opening required 'path/to/src/Client.php' (include_path='.;C:\\php\\pear') in C:\\Apache24\\htdocs\\index.php:5\nStack trace:\n#0 {main}\n  thrown in C:\\Apache24\\htdocs\\index.php on line 5
[Thu Nov 07 11:07:49.891903 2024] [php:notice] [pid 37680:tid 1344] [client ::1:58896] PHP Notice:  The URL provided is incomplete, invalid or ends with a / character! in C:\\Apache24\\htdocs\\UniFi-API-client\\src\\Client.php on line 4083
[Thu Nov 07 11:07:49.891903 2024] [php:warn] [pid 37680:tid 1344] [client ::1:58896] PHP Warning:  Undefined variable $debug in C:\\Apache24\\htdocs\\index.php on line 30
[Thu Nov 07 11:07:49.891903 2024] [php:error] [pid 37680:tid 1344] [client ::1:58896] PHP Fatal error:  Uncaught TypeError: UniFi_API\\Client::set_debug(): Argument #1 ($enable) must be of type bool, null given, called in C:\\Apache24\\htdocs\\index.php on line 30 and defined in C:\\Apache24\\htdocs\\UniFi-API-client\\src\\Client.php:3633\nStack trace:\n#0 C:\\Apache24\\htdocs\\index.php(30): UniFi_API\\Client->set_debug(NULL)\n#1 {main}\n  thrown in C:\\Apache24\\htdocs\\UniFi-API-client\\src\\Client.php on line 3633
*   Trying 157.245.173.224:443...
* connect to 157.245.173.224 port 443 from 0.0.0.0 port 59043 failed: Connection refused
* Failed to connect to 157.245.173.224 port 443 after 3578 ms: Couldn't connect to server
* Closing connection
[Thu Nov 07 11:09:48.065115 2024] [php:notice] [pid 37680:tid 1352] [client ::1:59041] PHP Notice:  cURL error: Failed to connect to 157.245.173.224 port 443 after 3578 ms: Couldn't connect to server in C:\\Apache24\\htdocs\\UniFi-API-client\\src\\Client.php on line 167
* Hostname 157.245.173.224 was found in DNS cache
*   Trying 157.245.173.224:443...
* connect to 157.245.173.224 port 443 from 0.0.0.0 port 59050 failed: Connection refused
* Failed to connect to 157.245.173.224 port 443 after 2760 ms: Couldn't connect to server
* Closing connection
[Thu Nov 07 11:09:50.845098 2024] [php:notice] [pid 37680:tid 1352] [client ::1:59041] PHP Notice:  cURL error: Failed to connect to 157.245.173.224 port 443 after 2760 ms: Couldn't connect to server in C:\\Apache24\\htdocs\\UniFi-API-client\\src\\Client.php on line 192
[Thu Nov 07 11:10:16.462378 2024] [php:notice] [pid 37680:tid 1344] [client ::1:59042] PHP Notice:  The URL provided is incomplete, invalid or ends with a / character! in C:\\Apache24\\htdocs\\UniFi-API-client\\src\\Client.php on line 4083
* Protocol "http" disabled
* Closing connection
[Thu Nov 07 11:10:16.462378 2024] [php:notice] [pid 37680:tid 1344] [client ::1:59042] PHP Notice:  cURL error: Protocol "http" disabled in C:\\Apache24\\htdocs\\UniFi-API-client\\src\\Client.php on line 167
* Protocol "http" disabled
* Closing connection
[Thu Nov 07 11:10:16.462378 2024] [php:notice] [pid 37680:tid 1344] [client ::1:59042] PHP Notice:  cURL error: Protocol "http" disabled in C:\\Apache24\\htdocs\\UniFi-API-client\\src\\Client.php on line 192
*   Trying 157.245.173.224:443...
* connect to 157.245.173.224 port 443 from 0.0.0.0 port 59096 failed: Connection refused
* Failed to connect to 157.245.173.224 port 443 after 2739 ms: Couldn't connect to server
* Closing connection
[Thu Nov 07 11:10:37.991467 2024] [php:notice] [pid 37680:tid 1352] [client ::1:59083] PHP Notice:  cURL error: Failed to connect to 157.245.173.224 port 443 after 2739 ms: Couldn't connect to server in C:\\Apache24\\htdocs\\UniFi-API-client\\src\\Client.php on line 167
* Hostname 157.245.173.224 was found in DNS cache
*   Trying 157.245.173.224:443...
* connect to 157.245.173.224 port 443 from 0.0.0.0 port 59101 failed: Connection refused
* Failed to connect to 157.245.173.224 port 443 after 2701 ms: Couldn't connect to server
* Closing connection
[Thu Nov 07 11:10:40.715536 2024] [php:notice] [pid 37680:tid 1352] [client ::1:59083] PHP Notice:  cURL error: Failed to connect to 157.245.173.224 port 443 after 2701 ms: Couldn't connect to server in C:\\Apache24\\htdocs\\UniFi-API-client\\src\\Client.php on line 192
*   Trying 157.245.173.224:8443...
* Connected to 157.245.173.224 (157.245.173.224) port 8443
* ALPN: curl offers h2,http/1.1
* SSL connection using TLSv1.3 / TLS_AES_128_GCM_SHA256 / X25519 / RSASSA-PSS
* ALPN: server did not agree on a protocol. Uses default.
* Server certificate:
*  subject: CN=unifi.operationarctic.com
*  start date: Oct 17 15:08:07 2024 GMT
*  expire date: Jan 15 15:08:06 2025 GMT
*  issuer: C=US; O=Let's Encrypt; CN=R11
*  SSL certificate verify result: unable to get local issuer certificate (20), continuing anyway.
*   Certificate level 0: Public key type RSA (2048/112 Bits/secBits), signed using sha256WithRSAEncryption
*   Certificate level 1: Public key type RSA (2048/112 Bits/secBits), signed using sha256WithRSAEncryption
* using HTTP/1.x
> GET / HTTP/1.1
Host: 157.245.173.224:8443
Accept: */*
Accept-Encoding: deflate, gzip

* Request completely sent off
< HTTP/1.1 302 
< Location: /manage
< Content-Length: 0
< Date: Thu, 07 Nov 2024 20:10:56 GMT
< 
* Connection #0 to host 157.245.173.224 left intact
* Found bundle for host: 0x1eea59654c0 [serially]
* Can not multiplex, even if we wanted to
* Re-using existing connection with host 157.245.173.224
> POST /api/login HTTP/1.1
Host: 157.245.173.224:8443
Accept-Encoding: deflate, gzip
Referer: https://157.245.173.224:8443/login
Accept: application/json
Content-Type: application/json
Content-Length: 72

* upload completely sent off: 72 bytes
< HTTP/1.1 200 
< vary: Origin
< Set-Cookie: unifises=k018k1A0SNOB4EHInRNCvInEb9WKmTUG; Path=/; Secure; HttpOnly
< Set-Cookie: csrf_token=vQOw6mmYLMOi5rO52Um94dm68O1MnSyN; Path=/; Secure
< X-Frame-Options: DENY
< Content-Type: application/json;charset=UTF-8
< Content-Length: 30
< Date: Thu, 07 Nov 2024 20:10:56 GMT
< 
* Connection #0 to host 157.245.173.224 left intact
*   Trying 157.245.173.224:8443...
* Connected to 157.245.173.224 (157.245.173.224) port 8443
* ALPN: curl offers h2,http/1.1
* SSL connection using TLSv1.3 / TLS_AES_128_GCM_SHA256 / X25519 / RSASSA-PSS
* ALPN: server did not agree on a protocol. Uses default.
* Server certificate:
*  subject: CN=unifi.operationarctic.com
*  start date: Oct 17 15:08:07 2024 GMT
*  expire date: Jan 15 15:08:06 2025 GMT
*  issuer: C=US; O=Let's Encrypt; CN=R11
*  SSL certificate verify result: unable to get local issuer certificate (20), continuing anyway.
*   Certificate level 0: Public key type RSA (2048/112 Bits/secBits), signed using sha256WithRSAEncryption
*   Certificate level 1: Public key type RSA (2048/112 Bits/secBits), signed using sha256WithRSAEncryption
* using HTTP/1.x
> GET /api/s/8mqojubh/stat/sta/ HTTP/1.1
Host: 157.245.173.224:8443
Accept-Encoding: deflate, gzip
Cookie: unifises=k018k1A0SNOB4EHInRNCvInEb9WKmTUG
Accept: application/json
Content-Type: application/json

* Request completely sent off
< HTTP/1.1 200 
< vary: Origin
< X-Frame-Options: DENY
< Content-Type: application/json;charset=UTF-8
< Content-Length: 30
< Date: Thu, 07 Nov 2024 20:10:57 GMT
< 
* Connection #0 to host 157.245.173.224 left intact
*   Trying 157.245.173.224:8443...
* Connected to 157.245.173.224 (157.245.173.224) port 8443
* ALPN: curl offers h2,http/1.1
* SSL connection using TLSv1.3 / TLS_AES_128_GCM_SHA256 / X25519 / RSASSA-PSS
* ALPN: server did not agree on a protocol. Uses default.
* Server certificate:
*  subject: CN=unifi.operationarctic.com
*  start date: Oct 17 15:08:07 2024 GMT
*  expire date: Jan 15 15:08:06 2025 GMT
*  issuer: C=US; O=Let's Encrypt; CN=R11
*  SSL certificate verify result: unable to get local issuer certificate (20), continuing anyway.
*   Certificate level 0: Public key type RSA (2048/112 Bits/secBits), signed using sha256WithRSAEncryption
*   Certificate level 1: Public key type RSA (2048/112 Bits/secBits), signed using sha256WithRSAEncryption
* using HTTP/1.x
> POST /logout HTTP/1.1
Host: 157.245.173.224:8443
Accept-Encoding: deflate, gzip
Transfer-Encoding: chunked
Cookie: unifises=k018k1A0SNOB4EHInRNCvInEb9WKmTUG
Accept: application/json
Content-Type: application/json

* upload completely sent off: 5 bytes
< HTTP/1.1 302 
< Set-Cookie: unifises=; Max-Age=0; Expires=Thu, 01 Jan 1970 00:00:10 GMT; Path=/; Secure
< Set-Cookie: csrf_token=; Max-Age=0; Expires=Thu, 01 Jan 1970 00:00:10 GMT; Path=/; Secure
< Location: /manage
< Content-Length: 0
< Date: Thu, 07 Nov 2024 20:10:57 GMT
< 
* Connection #0 to host 157.245.173.224 left intact
*   Trying 24.237.130.252:443...
* Connected to 24.237.130.252 (24.237.130.252) port 443
* ALPN: curl offers h2,http/1.1
* SSL connection using TLSv1.3 / TLS_AES_256_GCM_SHA384 / X25519 / RSASSA-PSS
* ALPN: server accepted h2
* Server certificate:
*  subject: CN=unifi.local
*  start date: Dec 26 12:32:44 2023 GMT
*  expire date: Mar 30 11:32:44 2026 GMT
*  issuer: CN=unifi.local
*  SSL certificate verify result: self-signed certificate (18), continuing anyway.
*   Certificate level 0: Public key type RSA (2048/112 Bits/secBits), signed using sha256WithRSAEncryption
* old SSL session ID is stale, removing
* using HTTP/2
* [HTTP/2] [1] OPENED stream for https://24.237.130.252:443/
* [HTTP/2] [1] [:method: GET]
* [HTTP/2] [1] [:scheme: https]
* [HTTP/2] [1] [:authority: 24.237.130.252]
* [HTTP/2] [1] [:path: /]
* [HTTP/2] [1] [accept: */*]
* [HTTP/2] [1] [accept-encoding: deflate, gzip]
> GET / HTTP/2
Host: 24.237.130.252
Accept: */*
Accept-Encoding: deflate, gzip

* Request completely sent off
< HTTP/2 200 
< server: nginx
< date: Thu, 07 Nov 2024 20:49:54 GMT
< content-type: text/html
< content-length: 819
< last-modified: Tue, 22 Oct 2024 07:05:28 GMT
< etag: "67174eb8-333"
< expires: Thu, 07 Nov 2024 20:49:53 GMT
< cache-control: no-cache
< access-control-allow-credentials: false
< access-control-expose-headers: Content-Disposition, Content-Range, Filename, Location, Range, Upload-Length, Upload-Offset, X-Connection-Type, X-Csrf-Token, X-File-Id, X-Token-Expire-Time, X-Updated-Csrf-Token
< referrer-policy: no-referrer
< strict-transport-security: max-age=15552000; includeSubDomains
< x-content-type-options: nosniff
< x-dns-prefetch-control: off
< x-frame-options: SAMEORIGIN
< x-xss-protection: 1; mode=block
< accept-ranges: bytes
< 
* Connection #0 to host 24.237.130.252 left intact
* Found bundle for host: 0x1eea5e3d200 [can multiplex]
* Re-using existing connection with host 24.237.130.252
* [HTTP/2] [3] OPENED stream for https://24.237.130.252:443/api/auth/login
* [HTTP/2] [3] [:method: POST]
* [HTTP/2] [3] [:scheme: https]
* [HTTP/2] [3] [:authority: 24.237.130.252]
* [HTTP/2] [3] [:path: /api/auth/login]
* [HTTP/2] [3] [accept-encoding: deflate, gzip]
* [HTTP/2] [3] [referer: https://24.237.130.252:443/login]
* [HTTP/2] [3] [accept: application/json]
* [HTTP/2] [3] [content-type: application/json]
* [HTTP/2] [3] [content-length: 58]
> POST /api/auth/login HTTP/2
Host: 24.237.130.252
Accept-Encoding: deflate, gzip
Referer: https://24.237.130.252:443/login
Accept: application/json
Content-Type: application/json
Content-Length: 58

* upload completely sent off: 58 bytes
< HTTP/2 200 
< server: nginx
< date: Thu, 07 Nov 2024 20:49:54 GMT
< content-type: application/json; charset=utf-8
< content-length: 1998
< set-cookie: TOKEN=eyJhbGciOiJIUzI1NiIsInR5cCI6IkpXVCJ9.eyJ1c2VySWQiOiI2OGFhNjRjZS1lZmIxLTQ4ZGUtYTYwYy02NDZhMDk2ZTY0MGUiLCJwYXNzd29yZFJldmlzaW9uIjoxNzMxMDEyMTAyLCJpc1JlbWVtYmVyZWQiOmZhbHNlLCJjc3JmVG9rZW4iOiI5MjQwZTExZC1hZjU0LTQwZmItOWI3YS05NTBhN2RlZWIzYWYiLCJpYXQiOjE3MzEwMTI1OTQsImV4cCI6MTczMTAxOTc5NCwianRpIjoiNjc0ZmZiOWQtMGYzYy00MDcxLTkxMjktM2I3MzEzZDZkNzNmIn0.YHBfr7KAdtyqFIi8uT7dPt6WP-fu4okLLFBApeMRbf8; path=/; expires=Thu, 07 Nov 2024 22:49:54 GMT; samesite=none; secure; httponly; partitioned
< x-updated-csrf-token: 9240e11d-af54-40fb-9b7a-950a7deeb3af
< x-token-expire-time: 1731019794543
< x-response-time: 425ms
< access-control-allow-credentials: false
< access-control-expose-headers: Content-Disposition, Content-Range, Filename, Location, Range, Upload-Length, Upload-Offset, X-Connection-Type, X-Csrf-Token, X-File-Id, X-Token-Expire-Time, X-Updated-Csrf-Token
< referrer-policy: no-referrer
< strict-transport-security: max-age=15552000; includeSubDomains
< x-content-type-options: nosniff
< x-dns-prefetch-control: off
< x-frame-options: SAMEORIGIN
< x-xss-protection: 1; mode=block
< x-csrf-token: 9240e11d-af54-40fb-9b7a-950a7deeb3af
< 
* Connection #0 to host 24.237.130.252 left intact
*   Trying 24.237.130.252:443...
* Connected to 24.237.130.252 (24.237.130.252) port 443
* ALPN: curl offers h2,http/1.1
* SSL connection using TLSv1.3 / TLS_AES_256_GCM_SHA384 / X25519 / RSASSA-PSS
* ALPN: server accepted h2
* Server certificate:
*  subject: CN=unifi.local
*  start date: Dec 26 12:32:44 2023 GMT
*  expire date: Mar 30 11:32:44 2026 GMT
*  issuer: CN=unifi.local
*  SSL certificate verify result: self-signed certificate (18), continuing anyway.
*   Certificate level 0: Public key type RSA (2048/112 Bits/secBits), signed using sha256WithRSAEncryption
* using HTTP/2
* [HTTP/2] [1] OPENED stream for https://24.237.130.252:443/proxy/network/api/self/sites
* [HTTP/2] [1] [:method: GET]
* [HTTP/2] [1] [:scheme: https]
* [HTTP/2] [1] [:authority: 24.237.130.252]
* [HTTP/2] [1] [:path: /proxy/network/api/self/sites]
* [HTTP/2] [1] [accept-encoding: deflate, gzip]
* [HTTP/2] [1] [cookie: TOKEN=eyJhbGciOiJIUzI1NiIsInR5cCI6IkpXVCJ9.eyJ1c2VySWQiOiI2OGFhNjRjZS1lZmIxLTQ4ZGUtYTYwYy02NDZhMDk2ZTY0MGUiLCJwYXNzd29yZFJldmlzaW9uIjoxNzMxMDEyMTAyLCJpc1JlbWVtYmVyZWQiOmZhbHNlLCJjc3JmVG9rZW4iOiI5MjQwZTExZC1hZjU0LTQwZmItOWI3YS05NTBhN2RlZWIzYWYiLCJpYXQiOjE3MzEwMTI1OTQsImV4cCI6MTczMTAxOTc5NCwianRpIjoiNjc0ZmZiOWQtMGYzYy00MDcxLTkxMjktM2I3MzEzZDZkNzNmIn0.YHBfr7KAdtyqFIi8uT7dPt6WP-fu4okLLFBApeMRbf8]
* [HTTP/2] [1] [accept: application/json]
* [HTTP/2] [1] [content-type: application/json]
> GET /proxy/network/api/self/sites HTTP/2
Host: 24.237.130.252
Accept-Encoding: deflate, gzip
Cookie: TOKEN=eyJhbGciOiJIUzI1NiIsInR5cCI6IkpXVCJ9.eyJ1c2VySWQiOiI2OGFhNjRjZS1lZmIxLTQ4ZGUtYTYwYy02NDZhMDk2ZTY0MGUiLCJwYXNzd29yZFJldmlzaW9uIjoxNzMxMDEyMTAyLCJpc1JlbWVtYmVyZWQiOmZhbHNlLCJjc3JmVG9rZW4iOiI5MjQwZTExZC1hZjU0LTQwZmItOWI3YS05NTBhN2RlZWIzYWYiLCJpYXQiOjE3MzEwMTI1OTQsImV4cCI6MTczMTAxOTc5NCwianRpIjoiNjc0ZmZiOWQtMGYzYy00MDcxLTkxMjktM2I3MzEzZDZkNzNmIn0.YHBfr7KAdtyqFIi8uT7dPt6WP-fu4okLLFBApeMRbf8
Accept: application/json
Content-Type: application/json

* Request completely sent off
* old SSL session ID is stale, removing
< HTTP/2 200 
< server: nginx
< date: Thu, 07 Nov 2024 20:49:54 GMT
< content-type: application/json;charset=UTF-8
< content-length: 254
< access-control-allow-credentials: false
< access-control-expose-headers: Content-Disposition, Content-Range, Filename, Location, Range, Upload-Length, Upload-Offset, X-Connection-Type, X-Csrf-Token, X-File-Id, X-Token-Expire-Time, X-Updated-Csrf-Token
< referrer-policy: no-referrer
< strict-transport-security: max-age=15552000; includeSubDomains
< x-content-type-options: nosniff
< x-dns-prefetch-control: off
< x-frame-options: SAMEORIGIN
< x-xss-protection: 1; mode=block
< x-csrf-token: 9240e11d-af54-40fb-9b7a-950a7deeb3af
< 
* Connection #0 to host 24.237.130.252 left intact
*   Trying 24.237.130.252:443...
* Connected to 24.237.130.252 (24.237.130.252) port 443
* ALPN: curl offers h2,http/1.1
* SSL connection using TLSv1.3 / TLS_AES_256_GCM_SHA384 / X25519 / RSASSA-PSS
* ALPN: server accepted h2
* Server certificate:
*  subject: CN=unifi.local
*  start date: Dec 26 12:32:44 2023 GMT
*  expire date: Mar 30 11:32:44 2026 GMT
*  issuer: CN=unifi.local
*  SSL certificate verify result: self-signed certificate (18), continuing anyway.
*   Certificate level 0: Public key type RSA (2048/112 Bits/secBits), signed using sha256WithRSAEncryption
* using HTTP/2
* [HTTP/2] [1] OPENED stream for https://24.237.130.252:443/api/auth/logout
* [HTTP/2] [1] [:method: POST]
* [HTTP/2] [1] [:scheme: https]
* [HTTP/2] [1] [:authority: 24.237.130.252]
* [HTTP/2] [1] [:path: /api/auth/logout]
* [HTTP/2] [1] [accept-encoding: deflate, gzip]
* [HTTP/2] [1] [cookie: TOKEN=eyJhbGciOiJIUzI1NiIsInR5cCI6IkpXVCJ9.eyJ1c2VySWQiOiI2OGFhNjRjZS1lZmIxLTQ4ZGUtYTYwYy02NDZhMDk2ZTY0MGUiLCJwYXNzd29yZFJldmlzaW9uIjoxNzMxMDEyMTAyLCJpc1JlbWVtYmVyZWQiOmZhbHNlLCJjc3JmVG9rZW4iOiI5MjQwZTExZC1hZjU0LTQwZmItOWI3YS05NTBhN2RlZWIzYWYiLCJpYXQiOjE3MzEwMTI1OTQsImV4cCI6MTczMTAxOTc5NCwianRpIjoiNjc0ZmZiOWQtMGYzYy00MDcxLTkxMjktM2I3MzEzZDZkNzNmIn0.YHBfr7KAdtyqFIi8uT7dPt6WP-fu4okLLFBApeMRbf8]
* [HTTP/2] [1] [accept: application/json]
* [HTTP/2] [1] [content-type: application/json]
* [HTTP/2] [1] [x-csrf-token: 9240e11d-af54-40fb-9b7a-950a7deeb3af]
> POST /api/auth/logout HTTP/2
Host: 24.237.130.252
Accept-Encoding: deflate, gzip
Cookie: TOKEN=eyJhbGciOiJIUzI1NiIsInR5cCI6IkpXVCJ9.eyJ1c2VySWQiOiI2OGFhNjRjZS1lZmIxLTQ4ZGUtYTYwYy02NDZhMDk2ZTY0MGUiLCJwYXNzd29yZFJldmlzaW9uIjoxNzMxMDEyMTAyLCJpc1JlbWVtYmVyZWQiOmZhbHNlLCJjc3JmVG9rZW4iOiI5MjQwZTExZC1hZjU0LTQwZmItOWI3YS05NTBhN2RlZWIzYWYiLCJpYXQiOjE3MzEwMTI1OTQsImV4cCI6MTczMTAxOTc5NCwianRpIjoiNjc0ZmZiOWQtMGYzYy00MDcxLTkxMjktM2I3MzEzZDZkNzNmIn0.YHBfr7KAdtyqFIi8uT7dPt6WP-fu4okLLFBApeMRbf8
Accept: application/json
Content-Type: application/json
x-csrf-token: 9240e11d-af54-40fb-9b7a-950a7deeb3af

* We are completely uploaded and fine
* old SSL session ID is stale, removing
< HTTP/2 200 
< server: nginx
< date: Thu, 07 Nov 2024 20:49:54 GMT
< content-type: application/json; charset=utf-8
< content-length: 16
< set-cookie: TOKEN=; path=/; expires=Thu, 01 Jan 1970 00:00:00 GMT; samesite=none; secure; httponly; partitioned
< set-cookie: TOKEN=; path=/; expires=Thu, 01 Jan 1970 00:00:00 GMT; samesite=none; secure; httponly
< x-response-time: 54ms
< access-control-allow-credentials: false
< access-control-expose-headers: Content-Disposition, Content-Range, Filename, Location, Range, Upload-Length, Upload-Offset, X-Connection-Type, X-Csrf-Token, X-File-Id, X-Token-Expire-Time, X-Updated-Csrf-Token
< referrer-policy: no-referrer
< strict-transport-security: max-age=15552000; includeSubDomains
< x-content-type-options: nosniff
< x-dns-prefetch-control: off
< x-frame-options: SAMEORIGIN
< x-xss-protection: 1; mode=block
< 
* Connection #0 to host 24.237.130.252 left intact
[Thu Nov 07 14:35:39.229575 2024] [php:error] [pid 37680:tid 1352] [client ::1:63756] PHP Fatal error:  Uncaught Error sending request to Stripe: (Status 400) (Request req_bYwGYjgC4oAGya) No such price: 'prod_RB0mb0lQPjvD4d'\nStripe\\Exception\\InvalidRequestException: No such price: 'prod_RB0mb0lQPjvD4d' in C:\\Apache24\\htdocs\\stripe-php\\lib\\Exception\\ApiErrorException.php:38\nStack trace:\n#0 C:\\Apache24\\htdocs\\stripe-php\\lib\\Exception\\InvalidRequestException.php(35): Stripe\\Exception\\ApiErrorException::factory('No such price: ...', 400, '{\\n  "error": {\\n...', Array, Object(Stripe\\Util\\CaseInsensitiveArray), 'resource_missin...')\n#1 C:\\Apache24\\htdocs\\stripe-php\\lib\\ApiRequestor.php(230): Stripe\\Exception\\InvalidRequestException::factory('No such price: ...', 400, '{\\n  "error": {\\n...', Array, Object(Stripe\\Util\\CaseInsensitiveArray), 'resource_missin...', 'line_items[0][p...')\n#2 C:\\Apache24\\htdocs\\stripe-php\\lib\\ApiRequestor.php(191): Stripe\\ApiRequestor::_specificV1APIError('{\\n  "error": {\\n...', 400, Object(Stripe\\Util\\CaseInsensitiveArray), Array, Array)\n#3 C:\\Apache24\\htdocs\\stripe-php\\lib\\ApiRequestor.php(637): Stripe\\ApiRequestor->handleErrorResponse('{\\n  "error": {\\n...', 400, Object(Stripe\\Util\\CaseInsensitiveArray), Array, 'v1')\n#4 C:\\Apache24\\htdocs\\stripe-php\\lib\\ApiRequestor.php(136): Stripe\\ApiRequestor->_interpretResponse('{\\n  "error": {\\n...', 400, Object(Stripe\\Util\\CaseInsensitiveArray), 'v1')\n#5 C:\\Apache24\\htdocs\\stripe-php\\lib\\ApiOperations\\Request.php(111): Stripe\\ApiRequestor->request('post', '/v1/checkout/se...', Array, Array, 'v1', Array)\n#6 C:\\Apache24\\htdocs\\stripe-php\\lib\\Checkout\\Session.php(133): Stripe\\ApiResource::_staticRequest('post', '/v1/checkout/se...', Array, NULL)\n#7 C:\\Apache24\\htdocs\\checkout_1hour.php(11): Stripe\\Checkout\\Session::create(Array)\n#8 {main}\n  thrown in C:\\Apache24\\htdocs\\stripe-php\\lib\\Exception\\ApiErrorException.php on line 38, referer: http://localhost/
[Thu Nov 07 14:37:35.518305 2024] [php:error] [pid 37680:tid 1344] [client ::1:63897] PHP Fatal error:  Uncaught Error sending request to Stripe: (Status 400) (Request req_tHtb1NiLNnmki3) No such price: 'pr_RB0mb0lQPjvD4d'\nStripe\\Exception\\InvalidRequestException: No such price: 'pr_RB0mb0lQPjvD4d' in C:\\Apache24\\htdocs\\stripe-php\\lib\\Exception\\ApiErrorException.php:38\nStack trace:\n#0 C:\\Apache24\\htdocs\\stripe-php\\lib\\Exception\\InvalidRequestException.php(35): Stripe\\Exception\\ApiErrorException::factory('No such price: ...', 400, '{\\n  "error": {\\n...', Array, Object(Stripe\\Util\\CaseInsensitiveArray), 'resource_missin...')\n#1 C:\\Apache24\\htdocs\\stripe-php\\lib\\ApiRequestor.php(230): Stripe\\Exception\\InvalidRequestException::factory('No such price: ...', 400, '{\\n  "error": {\\n...', Array, Object(Stripe\\Util\\CaseInsensitiveArray), 'resource_missin...', 'line_items[0][p...')\n#2 C:\\Apache24\\htdocs\\stripe-php\\lib\\ApiRequestor.php(191): Stripe\\ApiRequestor::_specificV1APIError('{\\n  "error": {\\n...', 400, Object(Stripe\\Util\\CaseInsensitiveArray), Array, Array)\n#3 C:\\Apache24\\htdocs\\stripe-php\\lib\\ApiRequestor.php(637): Stripe\\ApiRequestor->handleErrorResponse('{\\n  "error": {\\n...', 400, Object(Stripe\\Util\\CaseInsensitiveArray), Array, 'v1')\n#4 C:\\Apache24\\htdocs\\stripe-php\\lib\\ApiRequestor.php(136): Stripe\\ApiRequestor->_interpretResponse('{\\n  "error": {\\n...', 400, Object(Stripe\\Util\\CaseInsensitiveArray), 'v1')\n#5 C:\\Apache24\\htdocs\\stripe-php\\lib\\ApiOperations\\Request.php(111): Stripe\\ApiRequestor->request('post', '/v1/checkout/se...', Array, Array, 'v1', Array)\n#6 C:\\Apache24\\htdocs\\stripe-php\\lib\\Checkout\\Session.php(133): Stripe\\ApiResource::_staticRequest('post', '/v1/checkout/se...', Array, NULL)\n#7 C:\\Apache24\\htdocs\\checkout_1hour.php(11): Stripe\\Checkout\\Session::create(Array)\n#8 {main}\n  thrown in C:\\Apache24\\htdocs\\stripe-php\\lib\\Exception\\ApiErrorException.php on line 38, referer: http://localhost/
[Thu Nov 07 14:37:41.147375 2024] [php:error] [pid 37680:tid 1352] [client ::1:63932] PHP Fatal error:  Uncaught Error sending request to Stripe: (Status 400) (Request req_Oyr8JiLAHcYt8l) No such price: 'pr_RB0mb0lQPjvD4d'\nStripe\\Exception\\InvalidRequestException: No such price: 'pr_RB0mb0lQPjvD4d' in C:\\Apache24\\htdocs\\stripe-php\\lib\\Exception\\ApiErrorException.php:38\nStack trace:\n#0 C:\\Apache24\\htdocs\\stripe-php\\lib\\Exception\\InvalidRequestException.php(35): Stripe\\Exception\\ApiErrorException::factory('No such price: ...', 400, '{\\n  "error": {\\n...', Array, Object(Stripe\\Util\\CaseInsensitiveArray), 'resource_missin...')\n#1 C:\\Apache24\\htdocs\\stripe-php\\lib\\ApiRequestor.php(230): Stripe\\Exception\\InvalidRequestException::factory('No such price: ...', 400, '{\\n  "error": {\\n...', Array, Object(Stripe\\Util\\CaseInsensitiveArray), 'resource_missin...', 'line_items[0][p...')\n#2 C:\\Apache24\\htdocs\\stripe-php\\lib\\ApiRequestor.php(191): Stripe\\ApiRequestor::_specificV1APIError('{\\n  "error": {\\n...', 400, Object(Stripe\\Util\\CaseInsensitiveArray), Array, Array)\n#3 C:\\Apache24\\htdocs\\stripe-php\\lib\\ApiRequestor.php(637): Stripe\\ApiRequestor->handleErrorResponse('{\\n  "error": {\\n...', 400, Object(Stripe\\Util\\CaseInsensitiveArray), Array, 'v1')\n#4 C:\\Apache24\\htdocs\\stripe-php\\lib\\ApiRequestor.php(136): Stripe\\ApiRequestor->_interpretResponse('{\\n  "error": {\\n...', 400, Object(Stripe\\Util\\CaseInsensitiveArray), 'v1')\n#5 C:\\Apache24\\htdocs\\stripe-php\\lib\\ApiOperations\\Request.php(111): Stripe\\ApiRequestor->request('post', '/v1/checkout/se...', Array, Array, 'v1', Array)\n#6 C:\\Apache24\\htdocs\\stripe-php\\lib\\Checkout\\Session.php(133): Stripe\\ApiResource::_staticRequest('post', '/v1/checkout/se...', Array, NULL)\n#7 C:\\Apache24\\htdocs\\checkout_1hour.php(11): Stripe\\Checkout\\Session::create(Array)\n#8 {main}\n  thrown in C:\\Apache24\\htdocs\\stripe-php\\lib\\Exception\\ApiErrorException.php on line 38, referer: http://localhost/
[Thu Nov 07 15:46:42.598017 2024] [php:error] [pid 37680:tid 1352] [client ::1:53380] PHP Fatal error:  Uncaught TypeError: Unsupported operand types: string + string in C:\\Apache24\\htdocs\\checkout.php:21\nStack trace:\n#0 {main}\n  thrown in C:\\Apache24\\htdocs\\checkout.php on line 21, referer: http://localhost/
[Thu Nov 07 15:49:57.435568 2024] [php:warn] [pid 37680:tid 1344] [client ::1:53781] PHP Warning:  Undefined variable $YOUR_DOMAIN_ in C:\\Apache24\\htdocs\\checkout.php on line 43, referer: http://localhost/
[Fri Nov 08 11:14:12.659460 2024] [php:warn] [pid 37680:tid 1336] [client ::1:57318] PHP Warning:  require_once(config.php): Failed to open stream: No such file or directory in C:\\Apache24\\htdocs\\index.php on line 13
[Fri Nov 08 11:14:12.659460 2024] [php:error] [pid 37680:tid 1336] [client ::1:57318] PHP Fatal error:  Uncaught Error: Failed opening required 'config.php' (include_path='.;C:\\php\\pear') in C:\\Apache24\\htdocs\\index.php:13\nStack trace:\n#0 {main}\n  thrown in C:\\Apache24\\htdocs\\index.php on line 13
[Fri Nov 08 11:22:05.657590 2024] [php:warn] [pid 37680:tid 1328] [client ::1:58136] PHP Warning:  Array to string conversion in C:\\Apache24\\htdocs\\index.php on line 44
[Fri Nov 08 11:23:31.551760 2024] [php:warn] [pid 37680:tid 1336] [client ::1:58300] PHP Warning:  Array to string conversion in C:\\Apache24\\htdocs\\index.php on line 44
[Fri Nov 08 11:23:31.551760 2024] [php:warn] [pid 37680:tid 1336] [client ::1:58300] PHP Warning:  Undefined array key "data" in C:\\Apache24\\htdocs\\index.php on line 45
[Fri Nov 08 11:23:31.551760 2024] [php:warn] [pid 37680:tid 1336] [client ::1:58300] PHP Warning:  foreach() argument must be of type array|object, null given in C:\\Apache24\\htdocs\\index.php on line 45
[Fri Nov 08 12:01:41.191532 2024] [mpm_winnt:notice] [pid 4020:tid 376] AH00422: Parent: Received shutdown signal -- Shutting down the server.
[Fri Nov 08 12:01:43.214700 2024] [mpm_winnt:notice] [pid 37680:tid 372] AH00364: Child: All worker threads have exited.
[Fri Nov 08 12:01:43.278447 2024] [mpm_winnt:notice] [pid 4020:tid 376] AH00430: Parent: Child process 37680 exited successfully.
[Fri Nov 08 13:34:38.075146 2024] [mpm_winnt:notice] [pid 26472:tid 372] AH00455: Apache/2.4.62 (Win64) PHP/8.3.13 configured -- resuming normal operations
[Fri Nov 08 13:34:38.075146 2024] [mpm_winnt:notice] [pid 26472:tid 372] AH00456: Apache Lounge VS17 Server built: Sep  4 2024 10:31:52
[Fri Nov 08 13:34:38.075146 2024] [core:notice] [pid 26472:tid 372] AH00094: Command line: 'C:\\Apache24\\bin\\httpd.exe -d C:/Apache24'
[Fri Nov 08 13:34:38.075146 2024] [mpm_winnt:notice] [pid 26472:tid 372] AH00418: Parent: Created child process 5508
Apache server interrupted...
024] [mpm_winnt:notice] [pid 5508:tid 368] AH00354: Child: Starting 64 worker threads.
[Fri Nov 08 13:44:47.159149 2024] [mpm_winnt:notice] [pid 26472:tid 372] AH00422: Parent: Received shutdown signal -- Shutting down the server.
Apache server interrupted...
[Fri Nov 08 13:44:49.185912 2024] [mpm_winnt:notice] [pid 5508:tid 368] AH00364: Child: All worker threads have exited.
[Fri Nov 08 13:44:49.232613 2024] [mpm_winnt:notice] [pid 26472:tid 372] AH00430: Parent: Child process 5508 exited successfully.
[Fri Nov 08 13:45:44.865492 2024] [mpm_winnt:notice] [pid 8628:tid 372] AH00455: Apache/2.4.62 (Win64) PHP/8.3.13 configured -- resuming normal operations
[Fri Nov 08 13:45:44.865492 2024] [mpm_winnt:notice] [pid 8628:tid 372] AH00456: Apache Lounge VS17 Server built: Sep  4 2024 10:31:52
[Fri Nov 08 13:45:44.865492 2024] [core:notice] [pid 8628:tid 372] AH00094: Command line: 'C:\\Apache24\\bin\\httpd.exe -d C:/Apache24'
[Fri Nov 08 13:45:44.867412 2024] [mpm_winnt:notice] [pid 8628:tid 372] AH00418: Parent: Created child process 28636
Apache server interrupted...
024] [mpm_winnt:notice] [pid 28636:tid 368] AH00354: Child: Starting 64 worker threads.
[Fri Nov 08 13:54:35.591660 2024] [mpm_winnt:notice] [pid 8628:tid 372] AH00422: Parent: Received shutdown signal -- Shutting down the server.
Apache server interrupted...
Apache server interrupted...
[Fri Nov 08 13:54:37.610091 2024] [mpm_winnt:notice] [pid 28636:tid 368] AH00364: Child: All worker threads have exited.
[Fri Nov 08 13:54:37.652491 2024] [mpm_winnt:notice] [pid 8628:tid 372] AH00430: Parent: Child process 28636 exited successfully.
AH00558: httpd.exe: Could not reliably determine the server's fully qualified domain name, using fe80::8851:964:33b9:a774. Set the 'ServerName' directive globally to suppress this message
[Fri Nov 08 13:54:40.287368 2024] [mpm_winnt:notice] [pid 30596:tid 372] AH00455: Apache/2.4.62 (Win64) PHP/8.3.13 configured -- resuming normal operations
[Fri Nov 08 13:54:40.287368 2024] [mpm_winnt:notice] [pid 30596:tid 372] AH00456: Apache Lounge VS17 Server built: Sep  4 2024 10:31:52
[Fri Nov 08 13:54:40.287368 2024] [core:notice] [pid 30596:tid 372] AH00094: Command line: 'C:\\Apache24\\bin\\httpd.exe -d C:/Apache24'
[Fri Nov 08 13:54:40.289368 2024] [mpm_winnt:notice] [pid 30596:tid 372] AH00418: Parent: Created child process 30144
AH00558: httpd.exe: Could not reliably determine the server's fully qualified domain name, using fe80::8851:964:33b9:a774. Set the 'ServerName' directive globally to suppress this message
Apache server interrupted...
 reliably determine the server's fully qualified domain name, using fe80::8851:964:33b9:a774. Set the 'ServerName' directive globally to suppress this message
[Fri Nov 08 13:54:40.554983 2024] [mpm_winnt:notice] [pid 30144:tid 376] AH00354: Child: Starting 64 worker threads.
[Fri Nov 08 13:55:07.811096 2024] [mpm_winnt:notice] [pid 30596:tid 372] AH00422: Parent: Received shutdown signal -- Shutting down the server.
[Fri Nov 08 13:55:09.840012 2024] [mpm_winnt:notice] [pid 30144:tid 376] AH00364: Child: All worker threads have exited.
[Fri Nov 08 13:55:09.858307 2024] [mpm_winnt:notice] [pid 30596:tid 372] AH00430: Parent: Child process 30144 exited successfully.
[Fri Nov 08 13:55:13.049796 2024] [mpm_winnt:notice] [pid 26496:tid 372] AH00455: Apache/2.4.62 (Win64) PHP/8.3.13 configured -- resuming normal operations
[Fri Nov 08 13:55:13.050796 2024] [mpm_winnt:notice] [pid 26496:tid 372] AH00456: Apache Lounge VS17 Server built: Sep  4 2024 10:31:52
[Fri Nov 08 13:55:13.050796 2024] [core:notice] [pid 26496:tid 372] AH00094: Command line: 'C:\\Apache24\\bin\\httpd.exe -d C:/Apache24'
[Fri Nov 08 13:55:13.051795 2024] [mpm_winnt:notice] [pid 26496:tid 372] AH00418: Parent: Created child process 30124
Apache server interrupted...
024] [mpm_winnt:notice] [pid 30124:tid 408] AH00354: Child: Starting 64 worker threads.
[Fri Nov 08 13:56:34.360903 2024] [mpm_winnt:notice] [pid 26496:tid 372] AH00422: Parent: Received shutdown signal -- Shutting down the server.
Apache server interrupted...
Apache server interrupted...
Apache server interrupted...
Apache server interrupted...
[Fri Nov 08 13:56:36.694119 2024] [mpm_winnt:notice] [pid 30124:tid 408] AH00364: Child: All worker threads have exited.
[Fri Nov 08 13:56:36.717554 2024] [mpm_winnt:notice] [pid 26496:tid 372] AH00430: Parent: Child process 30124 exited successfully.
[Fri Nov 08 13:56:41.055471 2024] [mpm_winnt:notice] [pid 1704:tid 372] AH00455: Apache/2.4.62 (Win64) PHP/8.3.13 configured -- resuming normal operations
[Fri Nov 08 13:56:41.055471 2024] [mpm_winnt:notice] [pid 1704:tid 372] AH00456: Apache Lounge VS17 Server built: Sep  4 2024 10:31:52
[Fri Nov 08 13:56:41.055471 2024] [core:notice] [pid 1704:tid 372] AH00094: Command line: 'C:\\Apache24\\bin\\httpd.exe -d C:/Apache24'
[Fri Nov 08 13:56:41.057415 2024] [mpm_winnt:notice] [pid 1704:tid 372] AH00418: Parent: Created child process 27832
Apache server interrupted...
024] [mpm_winnt:notice] [pid 27832:tid 372] AH00354: Child: Starting 64 worker threads.
[Fri Nov 08 13:58:07.327777 2024] [mpm_winnt:notice] [pid 1704:tid 372] AH00422: Parent: Received shutdown signal -- Shutting down the server.
[Fri Nov 08 13:58:09.341762 2024] [mpm_winnt:notice] [pid 27832:tid 372] AH00364: Child: All worker threads have exited.
[Fri Nov 08 13:58:09.358182 2024] [mpm_winnt:notice] [pid 1704:tid 372] AH00430: Parent: Child process 27832 exited successfully.
[Fri Nov 08 13:58:11.642481 2024] [mpm_winnt:notice] [pid 27624:tid 372] AH00455: Apache/2.4.62 (Win64) PHP/8.3.13 configured -- resuming normal operations
[Fri Nov 08 13:58:11.642481 2024] [mpm_winnt:notice] [pid 27624:tid 372] AH00456: Apache Lounge VS17 Server built: Sep  4 2024 10:31:52
[Fri Nov 08 13:58:11.642481 2024] [core:notice] [pid 27624:tid 372] AH00094: Command line: 'C:\\Apache24\\bin\\httpd.exe -d C:/Apache24'
[Fri Nov 08 13:58:11.642481 2024] [mpm_winnt:notice] [pid 27624:tid 372] AH00418: Parent: Created child process 11312
Apache server interrupted...
024] [mpm_winnt:notice] [pid 11312:tid 376] AH00354: Child: Starting 64 worker threads.
[Fri Nov 08 14:00:12.053707 2024] [mpm_winnt:notice] [pid 27624:tid 372] AH00422: Parent: Received shutdown signal -- Shutting down the server.
[Fri Nov 08 14:00:14.075999 2024] [mpm_winnt:notice] [pid 11312:tid 376] AH00364: Child: All worker threads have exited.
[Fri Nov 08 14:00:14.116134 2024] [mpm_winnt:notice] [pid 27624:tid 372] AH00430: Parent: Child process 11312 exited successfully.
[Fri Nov 08 14:00:21.767624 2024] [mpm_winnt:notice] [pid 26496:tid 376] AH00455: Apache/2.4.62 (Win64) PHP/8.3.13 configured -- resuming normal operations
[Fri Nov 08 14:00:21.767624 2024] [mpm_winnt:notice] [pid 26496:tid 376] AH00456: Apache Lounge VS17 Server built: Sep  4 2024 10:31:52
[Fri Nov 08 14:00:21.767624 2024] [core:notice] [pid 26496:tid 376] AH00094: Command line: 'C:\\Apache24\\bin\\httpd.exe -d C:/Apache24'
[Fri Nov 08 14:00:21.775072 2024] [mpm_winnt:notice] [pid 26496:tid 376] AH00418: Parent: Created child process 18780
Apache server interrupted...
024] [mpm_winnt:notice] [pid 18780:tid 368] AH00354: Child: Starting 64 worker threads.
[Fri Nov 08 14:20:46.630191 2024] [mpm_winnt:notice] [pid 26496:tid 376] AH00422: Parent: Received shutdown signal -- Shutting down the server.
Apache server interrupted...
[Fri Nov 08 14:20:48.653188 2024] [mpm_winnt:notice] [pid 18780:tid 368] AH00364: Child: All worker threads have exited.
[Fri Nov 08 14:20:48.668812 2024] [mpm_winnt:notice] [pid 26496:tid 376] AH00430: Parent: Child process 18780 exited successfully.
[Fri Nov 08 14:20:50.888118 2024] [mpm_winnt:notice] [pid 27508:tid 372] AH00455: Apache/2.4.62 (Win64) PHP/8.3.13 configured -- resuming normal operations
[Fri Nov 08 14:20:50.888118 2024] [mpm_winnt:notice] [pid 27508:tid 372] AH00456: Apache Lounge VS17 Server built: Sep  4 2024 10:31:52
[Fri Nov 08 14:20:50.888118 2024] [core:notice] [pid 27508:tid 372] AH00094: Command line: 'C:\\Apache24\\bin\\httpd.exe -d C:/Apache24'
[Fri Nov 08 14:20:50.888118 2024] [mpm_winnt:notice] [pid 27508:tid 372] AH00418: Parent: Created child process 14836
Apache server interrupted...
024] [mpm_winnt:notice] [pid 14836:tid 372] AH00354: Child: Starting 64 worker threads.
[Fri Nov 08 15:43:49.566529 2024] [php:warn] [pid 14836:tid 1160] [client ::1:65505] PHP Warning:  Undefined variable $auth_result in C:\\Apache24\\htdocs\\success_1hour.php on line 66, referer: http://localhost/success_1hour.html?p=price_1QIel4K1ucZlE5ZZppC6Iw1g
[Fri Nov 08 15:43:50.106234 2024] [php:warn] [pid 14836:tid 1160] [client ::1:65505] PHP Warning:  Undefined variable $auth_result in C:\\Apache24\\htdocs\\success_1hour.php on line 66, referer: http://localhost/success_1hour.html?p=price_1QIel4K1ucZlE5ZZppC6Iw1g
[Fri Nov 08 15:43:50.796171 2024] [php:warn] [pid 14836:tid 1160] [client ::1:65505] PHP Warning:  Undefined variable $auth_result in C:\\Apache24\\htdocs\\success_1hour.php on line 66, referer: http://localhost/success_1hour.html?p=price_1QIel4K1ucZlE5ZZppC6Iw1g
[Fri Nov 08 15:43:51.426291 2024] [php:warn] [pid 14836:tid 1160] [client ::1:65505] PHP Warning:  Undefined variable $auth_result in C:\\Apache24\\htdocs\\success_1hour.php on line 66, referer: http://localhost/success_1hour.html?p=price_1QIel4K1ucZlE5ZZppC6Iw1g
[Fri Nov 08 15:43:51.981246 2024] [php:warn] [pid 14836:tid 1160] [client ::1:65505] PHP Warning:  Undefined variable $auth_result in C:\\Apache24\\htdocs\\success_1hour.php on line 66, referer: http://localhost/success_1hour.html?p=price_1QIel4K1ucZlE5ZZppC6Iw1g
[Fri Nov 08 15:43:52.464810 2024] [php:notice] [pid 14836:tid 1160] [client ::1:65505] PHP Notice:  HTTP response status received: 429. Probably a controller login failure in C:\\Apache24\\htdocs\\UniFi-API-client\\src\\Client.php on line 207, referer: http://localhost/success_1hour.html?p=price_1QIel4K1ucZlE5ZZppC6Iw1g
[Fri Nov 08 15:43:52.464810 2024] [php:warn] [pid 14836:tid 1160] [client ::1:65505] PHP Warning:  Undefined variable $auth_result in C:\\Apache24\\htdocs\\success_1hour.php on line 66, referer: http://localhost/success_1hour.html?p=price_1QIel4K1ucZlE5ZZppC6Iw1g
[Fri Nov 08 15:43:52.771823 2024] [php:notice] [pid 14836:tid 1160] [client ::1:65505] PHP Notice:  HTTP response status received: 429. Probably a controller login failure in C:\\Apache24\\htdocs\\UniFi-API-client\\src\\Client.php on line 207, referer: http://localhost/success_1hour.html?p=price_1QIel4K1ucZlE5ZZppC6Iw1g
[Fri Nov 08 15:43:52.772821 2024] [php:warn] [pid 14836:tid 1160] [client ::1:65505] PHP Warning:  Undefined variable $auth_result in C:\\Apache24\\htdocs\\success_1hour.php on line 66, referer: http://localhost/success_1hour.html?p=price_1QIel4K1ucZlE5ZZppC6Iw1g
[Fri Nov 08 15:43:54.112170 2024] [php:notice] [pid 14836:tid 1160] [client ::1:65505] PHP Notice:  HTTP response status received: 429. Probably a controller login failure in C:\\Apache24\\htdocs\\UniFi-API-client\\src\\Client.php on line 207, referer: http://localhost/success_1hour.html?p=price_1QIel4K1ucZlE5ZZppC6Iw1g
[Fri Nov 08 15:43:54.112170 2024] [php:warn] [pid 14836:tid 1160] [client ::1:65505] PHP Warning:  Undefined variable $auth_result in C:\\Apache24\\htdocs\\success_1hour.php on line 66, referer: http://localhost/success_1hour.html?p=price_1QIel4K1ucZlE5ZZppC6Iw1g
[Fri Nov 08 15:43:54.476025 2024] [php:notice] [pid 14836:tid 1160] [client ::1:65505] PHP Notice:  HTTP response status received: 429. Probably a controller login failure in C:\\Apache24\\htdocs\\UniFi-API-client\\src\\Client.php on line 207, referer: http://localhost/success_1hour.html?p=price_1QIel4K1ucZlE5ZZppC6Iw1g
[Fri Nov 08 15:43:54.476025 2024] [php:warn] [pid 14836:tid 1160] [client ::1:65505] PHP Warning:  Undefined variable $auth_result in C:\\Apache24\\htdocs\\success_1hour.php on line 66, referer: http://localhost/success_1hour.html?p=price_1QIel4K1ucZlE5ZZppC6Iw1g
[Fri Nov 08 15:43:55.026070 2024] [php:notice] [pid 14836:tid 1160] [client ::1:65505] PHP Notice:  HTTP response status received: 429. Probably a controller login failure in C:\\Apache24\\htdocs\\UniFi-API-client\\src\\Client.php on line 207, referer: http://localhost/success_1hour.html?p=price_1QIel4K1ucZlE5ZZppC6Iw1g
[Fri Nov 08 15:43:55.026070 2024] [php:warn] [pid 14836:tid 1160] [client ::1:65505] PHP Warning:  Undefined variable $auth_result in C:\\Apache24\\htdocs\\success_1hour.php on line 66, referer: http://localhost/success_1hour.html?p=price_1QIel4K1ucZlE5ZZppC6Iw1g
[Fri Nov 08 15:43:55.434665 2024] [php:notice] [pid 14836:tid 1160] [client ::1:65505] PHP Notice:  HTTP response status received: 429. Probably a controller login failure in C:\\Apache24\\htdocs\\UniFi-API-client\\src\\Client.php on line 207, referer: http://localhost/success_1hour.html?p=price_1QIel4K1ucZlE5ZZppC6Iw1g
[Fri Nov 08 15:43:55.434665 2024] [php:warn] [pid 14836:tid 1160] [client ::1:65505] PHP Warning:  Undefined variable $auth_result in C:\\Apache24\\htdocs\\success_1hour.php on line 66, referer: http://localhost/success_1hour.html?p=price_1QIel4K1ucZlE5ZZppC6Iw1g
[Fri Nov 08 15:43:55.756159 2024] [php:notice] [pid 14836:tid 1160] [client ::1:65505] PHP Notice:  HTTP response status received: 429. Probably a controller login failure in C:\\Apache24\\htdocs\\UniFi-API-client\\src\\Client.php on line 207, referer: http://localhost/success_1hour.html?p=price_1QIel4K1ucZlE5ZZppC6Iw1g
[Fri Nov 08 15:43:55.756159 2024] [php:warn] [pid 14836:tid 1160] [client ::1:65505] PHP Warning:  Undefined variable $auth_result in C:\\Apache24\\htdocs\\success_1hour.php on line 66, referer: http://localhost/success_1hour.html?p=price_1QIel4K1ucZlE5ZZppC6Iw1g
[Fri Nov 08 15:43:56.086176 2024] [php:notice] [pid 14836:tid 1160] [client ::1:65505] PHP Notice:  HTTP response status received: 429. Probably a controller login failure in C:\\Apache24\\htdocs\\UniFi-API-client\\src\\Client.php on line 207, referer: http://localhost/success_1hour.html?p=price_1QIel4K1ucZlE5ZZppC6Iw1g
[Fri Nov 08 15:43:56.086176 2024] [php:warn] [pid 14836:tid 1160] [client ::1:65505] PHP Warning:  Undefined variable $auth_result in C:\\Apache24\\htdocs\\success_1hour.php on line 66, referer: http://localhost/success_1hour.html?p=price_1QIel4K1ucZlE5ZZppC6Iw1g
[Fri Nov 08 15:43:56.456135 2024] [php:notice] [pid 14836:tid 1160] [client ::1:65505] PHP Notice:  HTTP response status received: 429. Probably a controller login failure in C:\\Apache24\\htdocs\\UniFi-API-client\\src\\Client.php on line 207, referer: http://localhost/success_1hour.html?p=price_1QIel4K1ucZlE5ZZppC6Iw1g
[Fri Nov 08 15:43:56.456135 2024] [php:warn] [pid 14836:tid 1160] [client ::1:65505] PHP Warning:  Undefined variable $auth_result in C:\\Apache24\\htdocs\\success_1hour.php on line 66, referer: http://localhost/success_1hour.html?p=price_1QIel4K1ucZlE5ZZppC6Iw1g
[Fri Nov 08 15:43:56.764213 2024] [php:notice] [pid 14836:tid 1160] [client ::1:65505] PHP Notice:  HTTP response status received: 429. Probably a controller login failure in C:\\Apache24\\htdocs\\UniFi-API-client\\src\\Client.php on line 207, referer: http://localhost/success_1hour.html?p=price_1QIel4K1ucZlE5ZZppC6Iw1g
[Fri Nov 08 15:43:56.764213 2024] [php:warn] [pid 14836:tid 1160] [client ::1:65505] PHP Warning:  Undefined variable $auth_result in C:\\Apache24\\htdocs\\success_1hour.php on line 66, referer: http://localhost/success_1hour.html?p=price_1QIel4K1ucZlE5ZZppC6Iw1g
[Fri Nov 08 15:43:57.339253 2024] [php:notice] [pid 14836:tid 1160] [client ::1:65505] PHP Notice:  HTTP response status received: 429. Probably a controller login failure in C:\\Apache24\\htdocs\\UniFi-API-client\\src\\Client.php on line 207, referer: http://localhost/success_1hour.html?p=price_1QIel4K1ucZlE5ZZppC6Iw1g
[Fri Nov 08 15:43:57.339253 2024] [php:warn] [pid 14836:tid 1160] [client ::1:65505] PHP Warning:  Undefined variable $auth_result in C:\\Apache24\\htdocs\\success_1hour.php on line 66, referer: http://localhost/success_1hour.html?p=price_1QIel4K1ucZlE5ZZppC6Iw1g
[Fri Nov 08 15:43:57.646185 2024] [php:notice] [pid 14836:tid 1160] [client ::1:65505] PHP Notice:  HTTP response status received: 429. Probably a controller login failure in C:\\Apache24\\htdocs\\UniFi-API-client\\src\\Client.php on line 207, referer: http://localhost/success_1hour.html?p=price_1QIel4K1ucZlE5ZZppC6Iw1g
[Fri Nov 08 15:43:57.646185 2024] [php:warn] [pid 14836:tid 1160] [client ::1:65505] PHP Warning:  Undefined variable $auth_result in C:\\Apache24\\htdocs\\success_1hour.php on line 66, referer: http://localhost/success_1hour.html?p=price_1QIel4K1ucZlE5ZZppC6Iw1g
[Fri Nov 08 15:43:57.948941 2024] [php:notice] [pid 14836:tid 1160] [client ::1:65505] PHP Notice:  HTTP response status received: 429. Probably a controller login failure in C:\\Apache24\\htdocs\\UniFi-API-client\\src\\Client.php on line 207, referer: http://localhost/success_1hour.html?p=price_1QIel4K1ucZlE5ZZppC6Iw1g
[Fri Nov 08 15:43:57.948941 2024] [php:warn] [pid 14836:tid 1160] [client ::1:65505] PHP Warning:  Undefined variable $auth_result in C:\\Apache24\\htdocs\\success_1hour.php on line 66, referer: http://localhost/success_1hour.html?p=price_1QIel4K1ucZlE5ZZppC6Iw1g
[Fri Nov 08 15:43:58.297619 2024] [php:notice] [pid 14836:tid 1160] [client ::1:65505] PHP Notice:  HTTP response status received: 429. Probably a controller login failure in C:\\Apache24\\htdocs\\UniFi-API-client\\src\\Client.php on line 207, referer: http://localhost/success_1hour.html?p=price_1QIel4K1ucZlE5ZZppC6Iw1g
[Fri Nov 08 15:43:58.297619 2024] [php:warn] [pid 14836:tid 1160] [client ::1:65505] PHP Warning:  Undefined variable $auth_result in C:\\Apache24\\htdocs\\success_1hour.php on line 66, referer: http://localhost/success_1hour.html?p=price_1QIel4K1ucZlE5ZZppC6Iw1g
[Fri Nov 08 15:43:58.616227 2024] [php:notice] [pid 14836:tid 1160] [client ::1:65505] PHP Notice:  HTTP response status received: 429. Probably a controller login failure in C:\\Apache24\\htdocs\\UniFi-API-client\\src\\Client.php on line 207, referer: http://localhost/success_1hour.html?p=price_1QIel4K1ucZlE5ZZppC6Iw1g
[Fri Nov 08 15:43:58.616227 2024] [php:warn] [pid 14836:tid 1160] [client ::1:65505] PHP Warning:  Undefined variable $auth_result in C:\\Apache24\\htdocs\\success_1hour.php on line 66, referer: http://localhost/success_1hour.html?p=price_1QIel4K1ucZlE5ZZppC6Iw1g
[Fri Nov 08 15:43:58.946406 2024] [php:notice] [pid 14836:tid 1160] [client ::1:65505] PHP Notice:  HTTP response status received: 429. Probably a controller login failure in C:\\Apache24\\htdocs\\UniFi-API-client\\src\\Client.php on line 207, referer: http://localhost/success_1hour.html?p=price_1QIel4K1ucZlE5ZZppC6Iw1g
[Fri Nov 08 15:43:58.946406 2024] [php:warn] [pid 14836:tid 1160] [client ::1:65505] PHP Warning:  Undefined variable $auth_result in C:\\Apache24\\htdocs\\success_1hour.php on line 66, referer: http://localhost/success_1hour.html?p=price_1QIel4K1ucZlE5ZZppC6Iw1g
[Fri Nov 08 15:43:59.246104 2024] [php:notice] [pid 14836:tid 1160] [client ::1:65505] PHP Notice:  HTTP response status received: 429. Probably a controller login failure in C:\\Apache24\\htdocs\\UniFi-API-client\\src\\Client.php on line 207, referer: http://localhost/success_1hour.html?p=price_1QIel4K1ucZlE5ZZppC6Iw1g
[Fri Nov 08 15:43:59.246104 2024] [php:warn] [pid 14836:tid 1160] [client ::1:65505] PHP Warning:  Undefined variable $auth_result in C:\\Apache24\\htdocs\\success_1hour.php on line 66, referer: http://localhost/success_1hour.html?p=price_1QIel4K1ucZlE5ZZppC6Iw1g
[Fri Nov 08 15:43:59.551375 2024] [php:notice] [pid 14836:tid 1160] [client ::1:65505] PHP Notice:  HTTP response status received: 429. Probably a controller login failure in C:\\Apache24\\htdocs\\UniFi-API-client\\src\\Client.php on line 207, referer: http://localhost/success_1hour.html?p=price_1QIel4K1ucZlE5ZZppC6Iw1g
[Fri Nov 08 15:43:59.551375 2024] [php:warn] [pid 14836:tid 1160] [client ::1:65505] PHP Warning:  Undefined variable $auth_result in C:\\Apache24\\htdocs\\success_1hour.php on line 66, referer: http://localhost/success_1hour.html?p=price_1QIel4K1ucZlE5ZZppC6Iw1g
[Fri Nov 08 15:43:59.857972 2024] [php:notice] [pid 14836:tid 1160] [client ::1:65505] PHP Notice:  HTTP response status received: 429. Probably a controller login failure in C:\\Apache24\\htdocs\\UniFi-API-client\\src\\Client.php on line 207, referer: http://localhost/success_1hour.html?p=price_1QIel4K1ucZlE5ZZppC6Iw1g
[Fri Nov 08 15:43:59.857972 2024] [php:warn] [pid 14836:tid 1160] [client ::1:65505] PHP Warning:  Undefined variable $auth_result in C:\\Apache24\\htdocs\\success_1hour.php on line 66, referer: http://localhost/success_1hour.html?p=price_1QIel4K1ucZlE5ZZppC6Iw1g
[Fri Nov 08 15:44:00.277695 2024] [php:notice] [pid 14836:tid 1160] [client ::1:65505] PHP Notice:  HTTP response status received: 429. Probably a controller login failure in C:\\Apache24\\htdocs\\UniFi-API-client\\src\\Client.php on line 207, referer: http://localhost/success_1hour.html?p=price_1QIel4K1ucZlE5ZZppC6Iw1g
[Fri Nov 08 15:44:00.278677 2024] [php:warn] [pid 14836:tid 1160] [client ::1:65505] PHP Warning:  Undefined variable $auth_result in C:\\Apache24\\htdocs\\success_1hour.php on line 66, referer: http://localhost/success_1hour.html?p=price_1QIel4K1ucZlE5ZZppC6Iw1g
[Fri Nov 08 15:44:00.563205 2024] [php:notice] [pid 14836:tid 1160] [client ::1:65505] PHP Notice:  HTTP response status received: 429. Probably a controller login failure in C:\\Apache24\\htdocs\\UniFi-API-client\\src\\Client.php on line 207, referer: http://localhost/success_1hour.html?p=price_1QIel4K1ucZlE5ZZppC6Iw1g
[Fri Nov 08 15:44:00.564307 2024] [php:warn] [pid 14836:tid 1160] [client ::1:65505] PHP Warning:  Undefined variable $auth_result in C:\\Apache24\\htdocs\\success_1hour.php on line 66, referer: http://localhost/success_1hour.html?p=price_1QIel4K1ucZlE5ZZppC6Iw1g
[Fri Nov 08 15:44:00.932166 2024] [php:notice] [pid 14836:tid 1160] [client ::1:65505] PHP Notice:  HTTP response status received: 429. Probably a controller login failure in C:\\Apache24\\htdocs\\UniFi-API-client\\src\\Client.php on line 207, referer: http://localhost/success_1hour.html?p=price_1QIel4K1ucZlE5ZZppC6Iw1g
[Fri Nov 08 15:44:00.932166 2024] [php:warn] [pid 14836:tid 1160] [client ::1:65505] PHP Warning:  Undefined variable $auth_result in C:\\Apache24\\htdocs\\success_1hour.php on line 66, referer: http://localhost/success_1hour.html?p=price_1QIel4K1ucZlE5ZZppC6Iw1g
[Fri Nov 08 15:44:01.236164 2024] [php:notice] [pid 14836:tid 1160] [client ::1:65505] PHP Notice:  HTTP response status received: 429. Probably a controller login failure in C:\\Apache24\\htdocs\\UniFi-API-client\\src\\Client.php on line 207, referer: http://localhost/success_1hour.html?p=price_1QIel4K1ucZlE5ZZppC6Iw1g
[Fri Nov 08 15:44:01.236164 2024] [php:warn] [pid 14836:tid 1160] [client ::1:65505] PHP Warning:  Undefined variable $auth_result in C:\\Apache24\\htdocs\\success_1hour.php on line 66, referer: http://localhost/success_1hour.html?p=price_1QIel4K1ucZlE5ZZppC6Iw1g
[Fri Nov 08 15:44:01.530669 2024] [php:notice] [pid 14836:tid 1160] [client ::1:65505] PHP Notice:  HTTP response status received: 429. Probably a controller login failure in C:\\Apache24\\htdocs\\UniFi-API-client\\src\\Client.php on line 207, referer: http://localhost/success_1hour.html?p=price_1QIel4K1ucZlE5ZZppC6Iw1g
[Fri Nov 08 15:44:01.531021 2024] [php:warn] [pid 14836:tid 1160] [client ::1:65505] PHP Warning:  Undefined variable $auth_result in C:\\Apache24\\htdocs\\success_1hour.php on line 66, referer: http://localhost/success_1hour.html?p=price_1QIel4K1ucZlE5ZZppC6Iw1g
[Fri Nov 08 15:44:01.833215 2024] [php:notice] [pid 14836:tid 1160] [client ::1:65505] PHP Notice:  HTTP response status received: 429. Probably a controller login failure in C:\\Apache24\\htdocs\\UniFi-API-client\\src\\Client.php on line 207, referer: http://localhost/success_1hour.html?p=price_1QIel4K1ucZlE5ZZppC6Iw1g
[Fri Nov 08 15:44:01.833215 2024] [php:warn] [pid 14836:tid 1160] [client ::1:65505] PHP Warning:  Undefined variable $auth_result in C:\\Apache24\\htdocs\\success_1hour.php on line 66, referer: http://localhost/success_1hour.html?p=price_1QIel4K1ucZlE5ZZppC6Iw1g
[Fri Nov 08 15:44:02.215849 2024] [php:notice] [pid 14836:tid 1160] [client ::1:65505] PHP Notice:  HTTP response status received: 429. Probably a controller login failure in C:\\Apache24\\htdocs\\UniFi-API-client\\src\\Client.php on line 207, referer: http://localhost/success_1hour.html?p=price_1QIel4K1ucZlE5ZZppC6Iw1g
[Fri Nov 08 15:44:02.215849 2024] [php:warn] [pid 14836:tid 1160] [client ::1:65505] PHP Warning:  Undefined variable $auth_result in C:\\Apache24\\htdocs\\success_1hour.php on line 66, referer: http://localhost/success_1hour.html?p=price_1QIel4K1ucZlE5ZZppC6Iw1g
[Fri Nov 08 15:44:02.480813 2024] [php:notice] [pid 14836:tid 1160] [client ::1:65505] PHP Notice:  HTTP response status received: 429. Probably a controller login failure in C:\\Apache24\\htdocs\\UniFi-API-client\\src\\Client.php on line 207, referer: http://localhost/success_1hour.html?p=price_1QIel4K1ucZlE5ZZppC6Iw1g
[Fri Nov 08 15:44:02.480813 2024] [php:warn] [pid 14836:tid 1160] [client ::1:65505] PHP Warning:  Undefined variable $auth_result in C:\\Apache24\\htdocs\\success_1hour.php on line 66, referer: http://localhost/success_1hour.html?p=price_1QIel4K1ucZlE5ZZppC6Iw1g
[Fri Nov 08 15:44:02.761931 2024] [php:notice] [pid 14836:tid 1160] [client ::1:65505] PHP Notice:  HTTP response status received: 429. Probably a controller login failure in C:\\Apache24\\htdocs\\UniFi-API-client\\src\\Client.php on line 207, referer: http://localhost/success_1hour.html?p=price_1QIel4K1ucZlE5ZZppC6Iw1g
[Fri Nov 08 15:44:02.761931 2024] [php:warn] [pid 14836:tid 1160] [client ::1:65505] PHP Warning:  Undefined variable $auth_result in C:\\Apache24\\htdocs\\success_1hour.php on line 66, referer: http://localhost/success_1hour.html?p=price_1QIel4K1ucZlE5ZZppC6Iw1g
[Fri Nov 08 15:44:03.078708 2024] [php:notice] [pid 14836:tid 1160] [client ::1:65505] PHP Notice:  HTTP response status received: 429. Probably a controller login failure in C:\\Apache24\\htdocs\\UniFi-API-client\\src\\Client.php on line 207, referer: http://localhost/success_1hour.html?p=price_1QIel4K1ucZlE5ZZppC6Iw1g
[Fri Nov 08 15:44:03.078708 2024] [php:warn] [pid 14836:tid 1160] [client ::1:65505] PHP Warning:  Undefined variable $auth_result in C:\\Apache24\\htdocs\\success_1hour.php on line 66, referer: http://localhost/success_1hour.html?p=price_1QIel4K1ucZlE5ZZppC6Iw1g
[Fri Nov 08 15:44:03.367200 2024] [php:notice] [pid 14836:tid 1160] [client ::1:65505] PHP Notice:  HTTP response status received: 429. Probably a controller login failure in C:\\Apache24\\htdocs\\UniFi-API-client\\src\\Client.php on line 207, referer: http://localhost/success_1hour.html?p=price_1QIel4K1ucZlE5ZZppC6Iw1g
[Fri Nov 08 15:44:03.367200 2024] [php:warn] [pid 14836:tid 1160] [client ::1:65505] PHP Warning:  Undefined variable $auth_result in C:\\Apache24\\htdocs\\success_1hour.php on line 66, referer: http://localhost/success_1hour.html?p=price_1QIel4K1ucZlE5ZZppC6Iw1g
[Fri Nov 08 15:44:03.687339 2024] [php:notice] [pid 14836:tid 1160] [client ::1:65505] PHP Notice:  HTTP response status received: 429. Probably a controller login failure in C:\\Apache24\\htdocs\\UniFi-API-client\\src\\Client.php on line 207, referer: http://localhost/success_1hour.html?p=price_1QIel4K1ucZlE5ZZppC6Iw1g
[Fri Nov 08 15:44:03.687339 2024] [php:warn] [pid 14836:tid 1160] [client ::1:65505] PHP Warning:  Undefined variable $auth_result in C:\\Apache24\\htdocs\\success_1hour.php on line 66, referer: http://localhost/success_1hour.html?p=price_1QIel4K1ucZlE5ZZppC6Iw1g
[Fri Nov 08 15:44:04.016341 2024] [php:notice] [pid 14836:tid 1160] [client ::1:65505] PHP Notice:  HTTP response status received: 429. Probably a controller login failure in C:\\Apache24\\htdocs\\UniFi-API-client\\src\\Client.php on line 207, referer: http://localhost/success_1hour.html?p=price_1QIel4K1ucZlE5ZZppC6Iw1g
[Fri Nov 08 15:44:04.016341 2024] [php:warn] [pid 14836:tid 1160] [client ::1:65505] PHP Warning:  Undefined variable $auth_result in C:\\Apache24\\htdocs\\success_1hour.php on line 66, referer: http://localhost/success_1hour.html?p=price_1QIel4K1ucZlE5ZZppC6Iw1g
[Fri Nov 08 15:44:04.341196 2024] [php:notice] [pid 14836:tid 1160] [client ::1:65505] PHP Notice:  HTTP response status received: 429. Probably a controller login failure in C:\\Apache24\\htdocs\\UniFi-API-client\\src\\Client.php on line 207, referer: http://localhost/success_1hour.html?p=price_1QIel4K1ucZlE5ZZppC6Iw1g
[Fri Nov 08 15:44:04.341196 2024] [php:warn] [pid 14836:tid 1160] [client ::1:65505] PHP Warning:  Undefined variable $auth_result in C:\\Apache24\\htdocs\\success_1hour.php on line 66, referer: http://localhost/success_1hour.html?p=price_1QIel4K1ucZlE5ZZppC6Iw1g
[Fri Nov 08 15:44:04.646214 2024] [php:notice] [pid 14836:tid 1160] [client ::1:65505] PHP Notice:  HTTP response status received: 429. Probably a controller login failure in C:\\Apache24\\htdocs\\UniFi-API-client\\src\\Client.php on line 207, referer: http://localhost/success_1hour.html?p=price_1QIel4K1ucZlE5ZZppC6Iw1g
[Fri Nov 08 15:44:04.646214 2024] [php:warn] [pid 14836:tid 1160] [client ::1:65505] PHP Warning:  Undefined variable $auth_result in C:\\Apache24\\htdocs\\success_1hour.php on line 66, referer: http://localhost/success_1hour.html?p=price_1QIel4K1ucZlE5ZZppC6Iw1g
[Fri Nov 08 15:44:05.262540 2024] [php:notice] [pid 14836:tid 1160] [client ::1:65505] PHP Notice:  HTTP response status received: 429. Probably a controller login failure in C:\\Apache24\\htdocs\\UniFi-API-client\\src\\Client.php on line 207, referer: http://localhost/success_1hour.html?p=price_1QIel4K1ucZlE5ZZppC6Iw1g
[Fri Nov 08 15:44:05.262540 2024] [php:warn] [pid 14836:tid 1160] [client ::1:65505] PHP Warning:  Undefined variable $auth_result in C:\\Apache24\\htdocs\\success_1hour.php on line 66, referer: http://localhost/success_1hour.html?p=price_1QIel4K1ucZlE5ZZppC6Iw1g
[Fri Nov 08 15:44:05.576270 2024] [php:notice] [pid 14836:tid 1160] [client ::1:65505] PHP Notice:  HTTP response status received: 429. Probably a controller login failure in C:\\Apache24\\htdocs\\UniFi-API-client\\src\\Client.php on line 207, referer: http://localhost/success_1hour.html?p=price_1QIel4K1ucZlE5ZZppC6Iw1g
[Fri Nov 08 15:44:05.576270 2024] [php:warn] [pid 14836:tid 1160] [client ::1:65505] PHP Warning:  Undefined variable $auth_result in C:\\Apache24\\htdocs\\success_1hour.php on line 66, referer: http://localhost/success_1hour.html?p=price_1QIel4K1ucZlE5ZZppC6Iw1g
[Fri Nov 08 15:44:06.109133 2024] [php:notice] [pid 14836:tid 1160] [client ::1:65505] PHP Notice:  HTTP response status received: 429. Probably a controller login failure in C:\\Apache24\\htdocs\\UniFi-API-client\\src\\Client.php on line 207, referer: http://localhost/success_1hour.html?p=price_1QIel4K1ucZlE5ZZppC6Iw1g
[Fri Nov 08 15:44:06.109133 2024] [php:warn] [pid 14836:tid 1160] [client ::1:65505] PHP Warning:  Undefined variable $auth_result in C:\\Apache24\\htdocs\\success_1hour.php on line 66, referer: http://localhost/success_1hour.html?p=price_1QIel4K1ucZlE5ZZppC6Iw1g
[Fri Nov 08 15:44:06.396177 2024] [php:notice] [pid 14836:tid 1160] [client ::1:65505] PHP Notice:  HTTP response status received: 429. Probably a controller login failure in C:\\Apache24\\htdocs\\UniFi-API-client\\src\\Client.php on line 207, referer: http://localhost/success_1hour.html?p=price_1QIel4K1ucZlE5ZZppC6Iw1g
[Fri Nov 08 15:44:06.396177 2024] [php:warn] [pid 14836:tid 1160] [client ::1:65505] PHP Warning:  Undefined variable $auth_result in C:\\Apache24\\htdocs\\success_1hour.php on line 66, referer: http://localhost/success_1hour.html?p=price_1QIel4K1ucZlE5ZZppC6Iw1g
[Fri Nov 08 15:44:06.708051 2024] [php:notice] [pid 14836:tid 1160] [client ::1:65505] PHP Notice:  HTTP response status received: 429. Probably a controller login failure in C:\\Apache24\\htdocs\\UniFi-API-client\\src\\Client.php on line 207, referer: http://localhost/success_1hour.html?p=price_1QIel4K1ucZlE5ZZppC6Iw1g
[Fri Nov 08 15:44:06.708051 2024] [php:warn] [pid 14836:tid 1160] [client ::1:65505] PHP Warning:  Undefined variable $auth_result in C:\\Apache24\\htdocs\\success_1hour.php on line 66, referer: http://localhost/success_1hour.html?p=price_1QIel4K1ucZlE5ZZppC6Iw1g
[Fri Nov 08 15:44:07.029846 2024] [php:notice] [pid 14836:tid 1160] [client ::1:65505] PHP Notice:  HTTP response status received: 429. Probably a controller login failure in C:\\Apache24\\htdocs\\UniFi-API-client\\src\\Client.php on line 207, referer: http://localhost/success_1hour.html?p=price_1QIel4K1ucZlE5ZZppC6Iw1g
[Fri Nov 08 15:44:07.029846 2024] [php:warn] [pid 14836:tid 1160] [client ::1:65505] PHP Warning:  Undefined variable $auth_result in C:\\Apache24\\htdocs\\success_1hour.php on line 66, referer: http://localhost/success_1hour.html?p=price_1QIel4K1ucZlE5ZZppC6Iw1g
[Fri Nov 08 15:44:07.364886 2024] [php:notice] [pid 14836:tid 1160] [client ::1:65505] PHP Notice:  HTTP response status received: 429. Probably a controller login failure in C:\\Apache24\\htdocs\\UniFi-API-client\\src\\Client.php on line 207, referer: http://localhost/success_1hour.html?p=price_1QIel4K1ucZlE5ZZppC6Iw1g
[Fri Nov 08 15:44:07.365898 2024] [php:warn] [pid 14836:tid 1160] [client ::1:65505] PHP Warning:  Undefined variable $auth_result in C:\\Apache24\\htdocs\\success_1hour.php on line 66, referer: http://localhost/success_1hour.html?p=price_1QIel4K1ucZlE5ZZppC6Iw1g
[Fri Nov 08 15:44:07.868941 2024] [php:notice] [pid 14836:tid 1160] [client ::1:65505] PHP Notice:  HTTP response status received: 429. Probably a controller login failure in C:\\Apache24\\htdocs\\UniFi-API-client\\src\\Client.php on line 207, referer: http://localhost/success_1hour.html?p=price_1QIel4K1ucZlE5ZZppC6Iw1g
[Fri Nov 08 15:44:07.868941 2024] [php:warn] [pid 14836:tid 1160] [client ::1:65505] PHP Warning:  Undefined variable $auth_result in C:\\Apache24\\htdocs\\success_1hour.php on line 66, referer: http://localhost/success_1hour.html?p=price_1QIel4K1ucZlE5ZZppC6Iw1g
[Fri Nov 08 15:44:08.184631 2024] [php:notice] [pid 14836:tid 1160] [client ::1:65505] PHP Notice:  HTTP response status received: 429. Probably a controller login failure in C:\\Apache24\\htdocs\\UniFi-API-client\\src\\Client.php on line 207, referer: http://localhost/success_1hour.html?p=price_1QIel4K1ucZlE5ZZppC6Iw1g
[Fri Nov 08 15:44:08.184631 2024] [php:warn] [pid 14836:tid 1160] [client ::1:65505] PHP Warning:  Undefined variable $auth_result in C:\\Apache24\\htdocs\\success_1hour.php on line 66, referer: http://localhost/success_1hour.html?p=price_1QIel4K1ucZlE5ZZppC6Iw1g
[Fri Nov 08 15:44:08.516025 2024] [php:notice] [pid 14836:tid 1160] [client ::1:65505] PHP Notice:  HTTP response status received: 429. Probably a controller login failure in C:\\Apache24\\htdocs\\UniFi-API-client\\src\\Client.php on line 207, referer: http://localhost/success_1hour.html?p=price_1QIel4K1ucZlE5ZZppC6Iw1g
[Fri Nov 08 15:44:08.516025 2024] [php:warn] [pid 14836:tid 1160] [client ::1:65505] PHP Warning:  Undefined variable $auth_result in C:\\Apache24\\htdocs\\success_1hour.php on line 66, referer: http://localhost/success_1hour.html?p=price_1QIel4K1ucZlE5ZZppC6Iw1g
[Fri Nov 08 15:44:09.059692 2024] [php:notice] [pid 14836:tid 1160] [client ::1:65505] PHP Notice:  HTTP response status received: 429. Probably a controller login failure in C:\\Apache24\\htdocs\\UniFi-API-client\\src\\Client.php on line 207, referer: http://localhost/success_1hour.html?p=price_1QIel4K1ucZlE5ZZppC6Iw1g
[Fri Nov 08 15:44:09.059692 2024] [php:warn] [pid 14836:tid 1160] [client ::1:65505] PHP Warning:  Undefined variable $auth_result in C:\\Apache24\\htdocs\\success_1hour.php on line 66, referer: http://localhost/success_1hour.html?p=price_1QIel4K1ucZlE5ZZppC6Iw1g
[Fri Nov 08 15:44:09.355894 2024] [php:notice] [pid 14836:tid 452] [client ::1:49184] PHP Notice:  HTTP response status received: 429. Probably a controller login failure in C:\\Apache24\\htdocs\\UniFi-API-client\\src\\Client.php on line 207, referer: http://localhost/success_1hour.html?p=price_1QIel4K1ucZlE5ZZppC6Iw1g
[Fri Nov 08 15:44:09.355894 2024] [php:warn] [pid 14836:tid 452] [client ::1:49184] PHP Warning:  Undefined variable $auth_result in C:\\Apache24\\htdocs\\success_1hour.php on line 66, referer: http://localhost/success_1hour.html?p=price_1QIel4K1ucZlE5ZZppC6Iw1g
[Fri Nov 08 15:49:35.369345 2024] [php:warn] [pid 14836:tid 1160] [client ::1:50497] PHP Warning:  Undefined variable $auth_result in C:\\Apache24\\htdocs\\success_1hour.php on line 66, referer: http://localhost/success_1hour.html?p=price_1QIel4K1ucZlE5ZZppC6Iw1g
[Fri Nov 08 15:50:18.932025 2024] [php:warn] [pid 14836:tid 1160] [client ::1:50631] PHP Warning:  Undefined variable $auth_result in C:\\Apache24\\htdocs\\success_1hour.php on line 66, referer: http://localhost/success_1hour.html?p=price_1QIel4K1ucZlE5ZZppC6Iw1g
[Fri Nov 08 16:01:04.682659 2024] [php:warn] [pid 14836:tid 1160] [client ::1:52092] PHP Warning:  Undefined variable $auth_result in C:\\Apache24\\htdocs\\success_1hour.php on line 66, referer: http://localhost/success_1hour.html?p=price_1QIel4K1ucZlE5ZZppC6Iw1g
[Fri Nov 08 16:01:34.188147 2024] [php:warn] [pid 14836:tid 1160] [client ::1:52173] PHP Warning:  Undefined variable $auth_result in C:\\Apache24\\htdocs\\success_1hour.php on line 66, referer: http://localhost/success_1hour.html?p=price_1QIel4K1ucZlE5ZZppC6Iw1g
[Fri Nov 08 16:04:25.752696 2024] [php:warn] [pid 14836:tid 452] [client ::1:52459] PHP Warning:  Undefined variable $auth_result in C:\\Apache24\\htdocs\\success_1hour.php on line 66, referer: http://localhost/success_1hour.html?p=price_1QIelwK1ucZlE5ZZ70xnym4D
[Fri Nov 08 16:04:59.675732 2024] [php:warn] [pid 14836:tid 452] [client ::1:52588] PHP Warning:  Undefined variable $auth_result in C:\\Apache24\\htdocs\\success_1hour.php on line 66, referer: http://localhost/success_1hour.html?p=price_1QIelwK1ucZlE5ZZ70xnym4D
[Fri Nov 08 16:05:19.550389 2024] [php:warn] [pid 14836:tid 452] [client ::1:52612] PHP Warning:  Undefined variable $auth_result in C:\\Apache24\\htdocs\\success_1hour.php on line 66, referer: http://localhost/success_1hour.html?p=price_1QIelwK1ucZlE5ZZ70xnym4D
[Fri Nov 08 16:05:57.307070 2024] [php:warn] [pid 14836:tid 452] [client ::1:52674] PHP Warning:  Undefined variable $auth_result in C:\\Apache24\\htdocs\\success_1hour.php on line 66, referer: http://localhost/success_1hour.html?p=price_1QIelwK1ucZlE5ZZ70xnym4D
[Fri Nov 08 16:12:17.832643 2024] [php:warn] [pid 14836:tid 1160] [client ::1:53310] PHP Warning:  require_once(config.php): Failed to open stream: No such file or directory in C:\\Apache24\\htdocs\\index.php on line 13
[Fri Nov 08 16:12:17.832643 2024] [php:error] [pid 14836:tid 1160] [client ::1:53310] PHP Fatal error:  Uncaught Error: Failed opening required 'config.php' (include_path='.;C:\\php\\pear') in C:\\Apache24\\htdocs\\index.php:13\nStack trace:\n#0 {main}\n  thrown in C:\\Apache24\\htdocs\\index.php on line 13
[Fri Nov 08 16:12:35.409696 2024] [php:error] [pid 14836:tid 452] [client ::1:53311] PHP Fatal error:  Uncaught Error: Object of class stdClass could not be converted to string in C:\\Apache24\\htdocs\\index.php:18\nStack trace:\n#0 C:\\Apache24\\htdocs\\index.php(72): lan_ip_to_mac(Array, '::1')\n#1 {main}\n  thrown in C:\\Apache24\\htdocs\\index.php on line 18
[Fri Nov 08 16:12:53.275614 2024] [php:warn] [pid 14836:tid 1160] [client ::1:53407] PHP Warning:  Array to string conversion in C:\\Apache24\\htdocs\\index.php on line 18
[Fri Nov 08 16:14:10.919414 2024] [php:warn] [pid 14836:tid 452] [client ::1:53629] PHP Warning:  Array to string conversion in C:\\Apache24\\htdocs\\index.php on line 18
[Fri Nov 08 16:14:27.733370 2024] [php:warn] [pid 14836:tid 1160] [client ::1:53630] PHP Warning:  Array to string conversion in C:\\Apache24\\htdocs\\index.php on line 18
[Fri Nov 08 16:14:27.733370 2024] [php:error] [pid 14836:tid 1160] [client ::1:53630] PHP Fatal error:  Uncaught Error: Cannot use object of type stdClass as array in C:\\Apache24\\htdocs\\index.php:20\nStack trace:\n#0 C:\\Apache24\\htdocs\\index.php(74): lan_ip_to_mac(Array, '::1')\n#1 {main}\n  thrown in C:\\Apache24\\htdocs\\index.php on line 20
[Fri Nov 08 16:14:43.129333 2024] [php:warn] [pid 14836:tid 452] [client ::1:53653] PHP Warning:  Array to string conversion in C:\\Apache24\\htdocs\\index.php on line 18
[Fri Nov 08 16:14:43.129333 2024] [php:error] [pid 14836:tid 452] [client ::1:53653] PHP Fatal error:  Uncaught Error: Cannot use object of type stdClass as array in C:\\Apache24\\htdocs\\index.php:20\nStack trace:\n#0 C:\\Apache24\\htdocs\\index.php(74): lan_ip_to_mac(Array, '::1')\n#1 {main}\n  thrown in C:\\Apache24\\htdocs\\index.php on line 20
[Fri Nov 08 16:14:56.629434 2024] [php:warn] [pid 14836:tid 1160] [client ::1:53678] PHP Warning:  Array to string conversion in C:\\Apache24\\htdocs\\index.php on line 18
[Fri Nov 08 16:14:56.629434 2024] [php:error] [pid 14836:tid 1160] [client ::1:53678] PHP Fatal error:  Uncaught Error: Cannot use object of type stdClass as array in C:\\Apache24\\htdocs\\index.php:20\nStack trace:\n#0 C:\\Apache24\\htdocs\\index.php(74): lan_ip_to_mac(Array, '::1')\n#1 {main}\n  thrown in C:\\Apache24\\htdocs\\index.php on line 20
[Fri Nov 08 16:15:06.839398 2024] [php:warn] [pid 14836:tid 452] [client ::1:53708] PHP Warning:  Array to string conversion in C:\\Apache24\\htdocs\\index.php on line 18
[Fri Nov 08 16:15:57.599290 2024] [php:warn] [pid 14836:tid 1160] [client ::1:53731] PHP Warning:  Array to string conversion in C:\\Apache24\\htdocs\\index.php on line 18
[Fri Nov 08 16:16:24.129249 2024] [php:warn] [pid 14836:tid 452] [client ::1:53960] PHP Warning:  Array to string conversion in C:\\Apache24\\htdocs\\index.php on line 18
[Fri Nov 08 16:16:24.129249 2024] [php:error] [pid 14836:tid 452] [client ::1:53960] PHP Fatal error:  Uncaught Error: Cannot use object of type stdClass as array in C:\\Apache24\\htdocs\\index.php:22\nStack trace:\n#0 C:\\Apache24\\htdocs\\index.php(74): lan_ip_to_mac(Array, '::1')\n#1 {main}\n  thrown in C:\\Apache24\\htdocs\\index.php on line 22
[Fri Nov 08 16:17:41.491730 2024] [php:warn] [pid 14836:tid 1160] [client ::1:54338] PHP Warning:  Array to string conversion in C:\\Apache24\\htdocs\\index.php on line 18
[Fri Nov 08 16:18:21.450873 2024] [php:warn] [pid 14836:tid 1160] [client ::1:54427] PHP Warning:  Array to string conversion in C:\\Apache24\\htdocs\\index.php on line 18
[Fri Nov 08 16:18:56.879210 2024] [php:warn] [pid 14836:tid 1160] [client ::1:54559] PHP Warning:  Array to string conversion in C:\\Apache24\\htdocs\\index.php on line 18
[Fri Nov 08 16:19:40.135447 2024] [php:warn] [pid 14836:tid 452] [client ::1:54866] PHP Warning:  Array to string conversion in C:\\Apache24\\htdocs\\index.php on line 18
[Fri Nov 08 16:30:24.488860 2024] [php:error] [pid 14836:tid 1160] [client ::1:57858] PHP Fatal error:  Uncaught Error: Object of class stdClass could not be converted to string in C:\\Apache24\\htdocs\\index.php:19\nStack trace:\n#0 C:\\Apache24\\htdocs\\index.php(79): lan_ip_to_mac(Array, '::1')\n#1 {main}\n  thrown in C:\\Apache24\\htdocs\\index.php on line 19
[Fri Nov 08 16:34:42.350410 2024] [mpm_winnt:notice] [pid 27508:tid 372] AH00422: Parent: Received shutdown signal -- Shutting down the server.
Apache server interrupted...
Apache server interrupted...
[Fri Nov 08 16:35:12.358434 2024] [mpm_winnt:notice] [pid 27508:tid 372] AH00431: Parent: Forcing termination of child process 14836
[Fri Nov 08 16:37:46.651415 2024] [mpm_winnt:notice] [pid 4628:tid 372] AH00455: Apache/2.4.62 (Win64) PHP/8.3.13 configured -- resuming normal operations
[Fri Nov 08 16:37:46.652415 2024] [mpm_winnt:notice] [pid 4628:tid 372] AH00456: Apache Lounge VS17 Server built: Sep  4 2024 10:31:52
[Fri Nov 08 16:37:46.652415 2024] [core:notice] [pid 4628:tid 372] AH00094: Command line: 'C:\\Apache24\\bin\\httpd.exe -d C:/Apache24'
[Fri Nov 08 16:37:46.654416 2024] [mpm_winnt:notice] [pid 4628:tid 372] AH00418: Parent: Created child process 20660
Apache server interrupted...
024] [mpm_winnt:notice] [pid 20660:tid 376] AH00354: Child: Starting 64 worker threads.
[Mon Nov 11 13:52:00.248275 2024] [php:error] [pid 20660:tid 1144] [client ::1:55524] PHP Fatal error:  Uncaught TypeError: UniFi_API\\Client::authorize_guest(): Argument #1 ($mac) must be of type string, null given, called in C:\\Apache24\\htdocs\\index.php on line 91 and defined in C:\\Apache24\\htdocs\\UniFi-API-client\\src\\Client.php:284\nStack trace:\n#0 C:\\Apache24\\htdocs\\index.php(91): UniFi_API\\Client->authorize_guest(NULL, 5, NULL, NULL, NULL, NULL)\n#1 {main}\n  thrown in C:\\Apache24\\htdocs\\UniFi-API-client\\src\\Client.php on line 284
[Mon Nov 11 14:17:52.823115 2024] [mpm_winnt:notice] [pid 4628:tid 372] AH00422: Parent: Received shutdown signal -- Shutting down the server.
Apache server interrupted...
Apache server interrupted...
[Mon Nov 11 14:17:54.842183 2024] [mpm_winnt:notice] [pid 20660:tid 376] AH00364: Child: All worker threads have exited.
[Mon Nov 11 14:17:54.891013 2024] [mpm_winnt:notice] [pid 4628:tid 372] AH00430: Parent: Child process 20660 exited successfully.
[Mon Nov 11 14:17:57.241146 2024] [mpm_winnt:notice] [pid 22148:tid 388] AH00455: Apache/2.4.62 (Win64) PHP/8.3.13 configured -- resuming normal operations
[Mon Nov 11 14:17:57.241146 2024] [mpm_winnt:notice] [pid 22148:tid 388] AH00456: Apache Lounge VS17 Server built: Sep  4 2024 10:31:52
[Mon Nov 11 14:17:57.241146 2024] [core:notice] [pid 22148:tid 388] AH00094: Command line: 'C:\\Apache24\\bin\\httpd.exe -d C:/Apache24'
[Mon Nov 11 14:17:57.243147 2024] [mpm_winnt:notice] [pid 22148:tid 388] AH00418: Parent: Created child process 27684
Apache server interrupted...
024] [mpm_winnt:notice] [pid 27684:tid 404] AH00354: Child: Starting 64 worker threads.
[Mon Nov 11 14:21:15.244379 2024] [php:error] [pid 27684:tid 1176] [client ::1:50215] PHP Fatal error:  Uncaught TypeError: UniFi_API\\Client::authorize_guest(): Argument #1 ($mac) must be of type string, null given, called in C:\\Apache24\\htdocs\\success_1hour.php on line 95 and defined in C:\\Apache24\\htdocs\\UniFi-API-client\\src\\Client.php:284\nStack trace:\n#0 C:\\Apache24\\htdocs\\success_1hour.php(95): UniFi_API\\Client->authorize_guest(NULL, 5, NULL, NULL, NULL, NULL)\n#1 {main}\n  thrown in C:\\Apache24\\htdocs\\UniFi-API-client\\src\\Client.php on line 284
[Mon Nov 11 14:23:13.847445 2024] [php:error] [pid 27684:tid 1168] [client 192.168.141.24:58392] PHP Fatal error:  Uncaught Error sending request to Stripe: (Status 400) (Request req_oBANE5YFUFWWZL) Invalid URL: 192.168.141.127/success_1hour.php. URLs must begin with http or https.\nStripe\\Exception\\InvalidRequestException: Invalid URL: 192.168.141.127/success_1hour.php. URLs must begin with http or https. in C:\\Apache24\\htdocs\\stripe-php\\lib\\Exception\\ApiErrorException.php:38\nStack trace:\n#0 C:\\Apache24\\htdocs\\stripe-php\\lib\\Exception\\InvalidRequestException.php(35): Stripe\\Exception\\ApiErrorException::factory('Invalid URL: 19...', 400, '{\\n  "error": {\\n...', Array, Object(Stripe\\Util\\CaseInsensitiveArray), 'url_invalid')\n#1 C:\\Apache24\\htdocs\\stripe-php\\lib\\ApiRequestor.php(230): Stripe\\Exception\\InvalidRequestException::factory('Invalid URL: 19...', 400, '{\\n  "error": {\\n...', Array, Object(Stripe\\Util\\CaseInsensitiveArray), 'url_invalid', 'success_url')\n#2 C:\\Apache24\\htdocs\\stripe-php\\lib\\ApiRequestor.php(191): Stripe\\ApiRequestor::_specificV1APIError('{\\n  "error": {\\n...', 400, Object(Stripe\\Util\\CaseInsensitiveArray), Array, Array)\n#3 C:\\Apache24\\htdocs\\stripe-php\\lib\\ApiRequestor.php(637): Stripe\\ApiRequestor->handleErrorResponse('{\\n  "error": {\\n...', 400, Object(Stripe\\Util\\CaseInsensitiveArray), Array, 'v1')\n#4 C:\\Apache24\\htdocs\\stripe-php\\lib\\ApiRequestor.php(136): Stripe\\ApiRequestor->_interpretResponse('{\\n  "error": {\\n...', 400, Object(Stripe\\Util\\CaseInsensitiveArray), 'v1')\n#5 C:\\Apache24\\htdocs\\stripe-php\\lib\\ApiOperations\\Request.php(111): Stripe\\ApiRequestor->request('post', '/v1/checkout/se...', Array, Array, 'v1', Array)\n#6 C:\\Apache24\\htdocs\\stripe-php\\lib\\Checkout\\Session.php(133): Stripe\\ApiResource::_staticRequest('post', '/v1/checkout/se...', Array, NULL)\n#7 C:\\Apache24\\htdocs\\checkout.php(47): Stripe\\Checkout\\Session::create(Array)\n#8 {main}\n  thrown in C:\\Apache24\\htdocs\\stripe-php\\lib\\Exception\\ApiErrorException.php on line 38, referer: http://192.168.141.127/
[Mon Nov 11 14:23:41.871743 2024] [php:error] [pid 27684:tid 1172] [client 192.168.141.24:45966] PHP Fatal error:  Uncaught Error sending request to Stripe: (Status 400) (Request req_FCsGqfW19wlj7E) Invalid URL: 192.168.141.127/success_1hour.php. URLs must begin with http or https.\nStripe\\Exception\\InvalidRequestException: Invalid URL: 192.168.141.127/success_1hour.php. URLs must begin with http or https. in C:\\Apache24\\htdocs\\stripe-php\\lib\\Exception\\ApiErrorException.php:38\nStack trace:\n#0 C:\\Apache24\\htdocs\\stripe-php\\lib\\Exception\\InvalidRequestException.php(35): Stripe\\Exception\\ApiErrorException::factory('Invalid URL: 19...', 400, '{\\n  "error": {\\n...', Array, Object(Stripe\\Util\\CaseInsensitiveArray), 'url_invalid')\n#1 C:\\Apache24\\htdocs\\stripe-php\\lib\\ApiRequestor.php(230): Stripe\\Exception\\InvalidRequestException::factory('Invalid URL: 19...', 400, '{\\n  "error": {\\n...', Array, Object(Stripe\\Util\\CaseInsensitiveArray), 'url_invalid', 'success_url')\n#2 C:\\Apache24\\htdocs\\stripe-php\\lib\\ApiRequestor.php(191): Stripe\\ApiRequestor::_specificV1APIError('{\\n  "error": {\\n...', 400, Object(Stripe\\Util\\CaseInsensitiveArray), Array, Array)\n#3 C:\\Apache24\\htdocs\\stripe-php\\lib\\ApiRequestor.php(637): Stripe\\ApiRequestor->handleErrorResponse('{\\n  "error": {\\n...', 400, Object(Stripe\\Util\\CaseInsensitiveArray), Array, 'v1')\n#4 C:\\Apache24\\htdocs\\stripe-php\\lib\\ApiRequestor.php(136): Stripe\\ApiRequestor->_interpretResponse('{\\n  "error": {\\n...', 400, Object(Stripe\\Util\\CaseInsensitiveArray), 'v1')\n#5 C:\\Apache24\\htdocs\\stripe-php\\lib\\ApiOperations\\Request.php(111): Stripe\\ApiRequestor->request('post', '/v1/checkout/se...', Array, Array, 'v1', Array)\n#6 C:\\Apache24\\htdocs\\stripe-php\\lib\\Checkout\\Session.php(133): Stripe\\ApiResource::_staticRequest('post', '/v1/checkout/se...', Array, NULL)\n#7 C:\\Apache24\\htdocs\\checkout.php(47): Stripe\\Checkout\\Session::create(Array)\n#8 {main}\n  thrown in C:\\Apache24\\htdocs\\stripe-php\\lib\\Exception\\ApiErrorException.php on line 38, referer: http://192.168.141.127/
[Mon Nov 11 14:38:05.646530 2024] [mpm_winnt:notice] [pid 22148:tid 388] AH00422: Parent: Received shutdown signal -- Shutting down the server.
Apache server interrupted...
Apache server interrupted...
[Mon Nov 11 14:38:07.661496 2024] [mpm_winnt:notice] [pid 27684:tid 404] AH00364: Child: All worker threads have exited.
[Mon Nov 11 14:38:07.686900 2024] [mpm_winnt:notice] [pid 22148:tid 388] AH00430: Parent: Child process 27684 exited successfully.
[Mon Nov 11 14:40:22.548679 2024] [mpm_winnt:notice] [pid 7992:tid 372] AH00455: Apache/2.4.62 (Win64) PHP/8.3.13 configured -- resuming normal operations
[Mon Nov 11 14:40:22.548679 2024] [mpm_winnt:notice] [pid 7992:tid 372] AH00456: Apache Lounge VS17 Server built: Sep  4 2024 10:31:52
[Mon Nov 11 14:40:22.548679 2024] [core:notice] [pid 7992:tid 372] AH00094: Command line: 'C:\\Apache24\\bin\\httpd.exe -d C:/Apache24'
[Mon Nov 11 14:40:22.550679 2024] [mpm_winnt:notice] [pid 7992:tid 372] AH00418: Parent: Created child process 38716
Apache server interrupted...
024] [mpm_winnt:notice] [pid 38716:tid 376] AH00354: Child: Starting 64 worker threads.
[Mon Nov 11 14:43:14.231483 2024] [mpm_winnt:notice] [pid 7992:tid 372] AH00422: Parent: Received shutdown signal -- Shutting down the server.
Apache server interrupted...
Apache server interrupted...
[Mon Nov 11 14:43:16.255777 2024] [mpm_winnt:notice] [pid 38716:tid 376] AH00364: Child: All worker threads have exited.
[Mon Nov 11 14:43:16.287476 2024] [mpm_winnt:notice] [pid 7992:tid 372] AH00430: Parent: Child process 38716 exited successfully.
[Mon Nov 11 14:43:18.795327 2024] [mpm_winnt:notice] [pid 3492:tid 372] AH00455: Apache/2.4.62 (Win64) PHP/8.3.13 configured -- resuming normal operations
[Mon Nov 11 14:43:18.795327 2024] [mpm_winnt:notice] [pid 3492:tid 372] AH00456: Apache Lounge VS17 Server built: Sep  4 2024 10:31:52
[Mon Nov 11 14:43:18.795327 2024] [core:notice] [pid 3492:tid 372] AH00094: Command line: 'C:\\Apache24\\bin\\httpd.exe -d C:/Apache24'
[Mon Nov 11 14:43:18.797406 2024] [mpm_winnt:notice] [pid 3492:tid 372] AH00418: Parent: Created child process 5664
Apache server interrupted...
024] [mpm_winnt:notice] [pid 5664:tid 404] AH00354: Child: Starting 64 worker threads.
[Mon Nov 11 14:44:25.231694 2024] [mpm_winnt:notice] [pid 3492:tid 372] AH00422: Parent: Received shutdown signal -- Shutting down the server.
[Mon Nov 11 14:44:27.257226 2024] [mpm_winnt:notice] [pid 5664:tid 404] AH00364: Child: All worker threads have exited.
[Mon Nov 11 14:44:27.285386 2024] [mpm_winnt:notice] [pid 3492:tid 372] AH00430: Parent: Child process 5664 exited successfully.
[Mon Nov 11 14:44:56.124429 2024] [mpm_winnt:notice] [pid 40280:tid 372] AH00455: Apache/2.4.62 (Win64) PHP/8.3.13 configured -- resuming normal operations
[Mon Nov 11 14:44:56.124429 2024] [mpm_winnt:notice] [pid 40280:tid 372] AH00456: Apache Lounge VS17 Server built: Sep  4 2024 10:31:52
[Mon Nov 11 14:44:56.124429 2024] [core:notice] [pid 40280:tid 372] AH00094: Command line: 'C:\\Apache24\\bin\\httpd.exe -d C:/Apache24'
[Mon Nov 11 14:44:56.125943 2024] [mpm_winnt:notice] [pid 40280:tid 372] AH00418: Parent: Created child process 9932
[Mon Nov 11 14:44:56.378817 2024] [mpm_winnt:notice] [pid 9932:tid 368] AH00354: Child: Starting 64 worker threads.
